#
# There is insufficient memory for the Java Runtime Environment to continue.
# Native memory allocation (malloc) failed to allocate 1055696 bytes for Chunk::new
# Possible reasons:
#   The system is out of physical RAM or swap space
#   The process is running with CompressedOops enabled, and the Java Heap may be blocking the growth of the native heap
# Possible solutions:
#   Reduce memory load on the system
#   Increase physical memory or swap space
#   Check if swap backing store is full
#   Decrease Java heap size (-Xmx/-Xms)
#   Decrease number of Java threads
#   Decrease Java thread stack sizes (-Xss)
#   Set larger code cache with -XX:ReservedCodeCacheSize=
#   JVM is running with Unscaled Compressed Oops mode in which the Java heap is
#     placed in the first 4GB address space. The Java Heap base address is the
#     maximum limit for the native heap growth. Please use -XX:HeapBaseMinAddress
#     to set the Java Heap base and to place the Java Heap above 4GB virtual address.
# This output file may be truncated or incomplete.
#
#  Out of Memory Error (allocation.cpp:389), pid=10484, tid=0x0000000000001ad4
#
# JRE version: OpenJDK Runtime Environment (8.0_242-b01) (build 1.8.0_242-release-1644-b01)
# Java VM: OpenJDK 64-Bit Server VM (25.242-b01 mixed mode windows-amd64 compressed oops)
# Failed to write core dump. Minidumps are not enabled by default on client versions of Windows
#

---------------  T H R E A D  ---------------

Current thread (0x0000000017418800):  JavaThread "C2 CompilerThread0" daemon [_thread_in_native, id=6868, stack(0x0000000018a90000,0x0000000018b90000)]

Stack: [0x0000000018a90000,0x0000000018b90000]
[error occurred during error reporting (printing stack bounds), id 0xc0000005]

Native frames: (J=compiled Java code, j=interpreted, Vv=VM code, C=native code)


Current CompileTask:
C2:1848648 21616       4       com.android.tools.r8.dex.n::e (654 bytes)


---------------  P R O C E S S  ---------------

Java Threads: ( => current thread )
  0x0000000019ec5800 JavaThread "ForkJoinPool-7-worker-0" daemon [_thread_in_Java, id=416, stack(0x0000000023740000,0x0000000023840000)]
  0x0000000019ec4800 JavaThread "ForkJoinPool-7-worker-3" daemon [_thread_in_Java, id=5924, stack(0x0000000023640000,0x0000000023740000)]
  0x0000000019ec4000 JavaThread "ForkJoinPool-7-worker-2" daemon [_thread_blocked, id=1096, stack(0x00000000216e0000,0x00000000217e0000)]
  0x0000000019ec9000 JavaThread "ForkJoinPool-7-worker-1" daemon [_thread_in_Java, id=16348, stack(0x000000001cbe0000,0x000000001cce0000)]
  0x000000002d5e1000 JavaThread "Cache worker for Java compile cache (C:\Users\sshch_6pmzvii\AndroidStudioProjects\myclient\.gradle\6.5\javaCompile)" [_thread_blocked, id=6756, stack(0x000000002fb70000,0x000000002fc70000)]
  0x000000002d5e5800 JavaThread "Cache worker for Java compile cache (C:\Users\sshch_6pmzvii\.gradle\caches\6.5\javaCompile)" [_thread_blocked, id=13072, stack(0x000000001c190000,0x000000001c290000)]
  0x000000002d5e0800 JavaThread "WorkerExecutor Queue Thread 4" [_thread_blocked, id=15432, stack(0x000000002fa70000,0x000000002fb70000)]
  0x000000002d5e2800 JavaThread "WorkerExecutor Queue Thread 3" [_thread_blocked, id=14928, stack(0x000000002f970000,0x000000002fa70000)]
  0x000000002d5e5000 JavaThread "WorkerExecutor Queue Thread 2" [_thread_blocked, id=1380, stack(0x000000002f870000,0x000000002f970000)]
  0x000000002d5d9000 JavaThread "stdout" [_thread_in_native, id=2724, stack(0x000000002f370000,0x000000002f470000)]
  0x000000002d5de000 JavaThread "stderr" [_thread_in_native, id=7036, stack(0x000000002ede0000,0x000000002eee0000)]
  0x000000002d5dc000 JavaThread "pool-14-thread-1" [_thread_blocked, id=4056, stack(0x000000002ef60000,0x000000002f060000)]
  0x000000002d5d6800 JavaThread "WorkerExecutor Queue" [_thread_blocked, id=16360, stack(0x000000002b990000,0x000000002ba90000)]
  0x000000002d5db000 JavaThread "Cache worker for execution history cache (C:\Users\sshch_6pmzvii\AndroidStudioProjects\myclient\.gradle\6.5\executionHistory)" [_thread_blocked, id=4764, stack(0x000000002f270000,0x000000002f370000)]
  0x000000002d5dc800 JavaThread "Execution worker for ':' Thread 3" [_thread_blocked, id=11780, stack(0x000000002f170000,0x000000002f270000)]
  0x000000002d5da800 JavaThread "Execution worker for ':' Thread 2" [_thread_blocked, id=3152, stack(0x000000002f070000,0x000000002f170000)]
  0x0000000019038800 JavaThread "Execution worker for ':'" [_thread_blocked, id=16848, stack(0x000000002c970000,0x000000002ca70000)]
  0x000000001903b800 JavaThread "Cache worker for file content cache (C:\Users\sshch_6pmzvii\AndroidStudioProjects\myclient\.gradle\6.5\fileContent)" [_thread_blocked, id=15748, stack(0x000000002b690000,0x000000002b790000)]
  0x000000001ff71800 JavaThread "Cache worker for Build Output Cleanup Cache (C:\Users\sshch_6pmzvii\AndroidStudioProjects\myclient\.gradle\buildOutputCleanup)" [_thread_blocked, id=12456, stack(0x0000000024140000,0x0000000024240000)]
  0x000000001ff6b000 JavaThread "Build operations Thread 4" [_thread_blocked, id=7396, stack(0x0000000024040000,0x0000000024140000)]
  0x000000001ff71000 JavaThread "Build operations Thread 3" [_thread_blocked, id=8068, stack(0x0000000023f40000,0x0000000024040000)]
  0x000000001ff6e000 JavaThread "Build operations Thread 2" [_thread_blocked, id=9472, stack(0x0000000023e40000,0x0000000023f40000)]
  0x000000001ff6d000 JavaThread "Build operations" [_thread_blocked, id=16040, stack(0x0000000023d40000,0x0000000023e40000)]
  0x000000002074a000 JavaThread "Cache worker for cache directory md-rule (C:\Users\sshch_6pmzvii\.gradle\caches\6.5\md-rule)" [_thread_blocked, id=15224, stack(0x000000001fa80000,0x000000001fb80000)]
  0x0000000020745800 JavaThread "Cache worker for cache directory md-supplier (C:\Users\sshch_6pmzvii\.gradle\caches\6.5\md-supplier)" [_thread_blocked, id=5828, stack(0x000000001f980000,0x000000001fa80000)]
  0x0000000020744800 JavaThread "Cache worker for checksums cache (C:\Users\sshch_6pmzvii\AndroidStudioProjects\myclient\.gradle\checksums)" [_thread_blocked, id=3432, stack(0x000000001cee0000,0x000000001cfe0000)]
  0x0000000020742800 JavaThread "Cache worker for file hash cache (C:\Users\sshch_6pmzvii\AndroidStudioProjects\myclient\.gradle\6.5\fileHashes)" [_thread_blocked, id=15108, stack(0x000000001cde0000,0x000000001cee0000)]
  0x0000000020744000 JavaThread "Thread-860" [_thread_blocked, id=16792, stack(0x000000001cce0000,0x000000001cde0000)]
  0x0000000020748800 JavaThread "Asynchronous log dispatcher for DefaultDaemonConnection: socket connection from /127.0.0.1:53368 to /127.0.0.1:55239" [_thread_blocked, id=8256, stack(0x000000001cae0000,0x000000001cbe0000)]
  0x000000001da34000 JavaThread "Cancel handler" [_thread_blocked, id=17404, stack(0x000000001c8e0000,0x000000001c9e0000)]
  0x000000001da33800 JavaThread "Handler for socket connection from /127.0.0.1:53368 to /127.0.0.1:55239" [_thread_in_native, id=10876, stack(0x000000001c290000,0x000000001c390000)]
  0x000000001da32800 JavaThread "pool-12-thread-2" [_thread_blocked, id=10168, stack(0x000000002b290000,0x000000002b390000)]
  0x000000001da30800 JavaThread "pool-12-thread-1" [_thread_blocked, id=7860, stack(0x000000002ad90000,0x000000002ae90000)]
  0x000000001903e000 JavaThread "Daemon worker Thread 7" [_thread_blocked, id=7040, stack(0x000000001c9e0000,0x000000001cae0000)]
  0x0000000019037800 JavaThread "Daemon Thread 7" [_thread_blocked, id=5188, stack(0x0000000000a40000,0x0000000000b40000)]
  0x000000001ff74800 JavaThread "pool-9-thread-2" [_thread_blocked, id=5108, stack(0x000000002c470000,0x000000002c570000)]
  0x000000001ff74000 JavaThread "pool-9-thread-1" [_thread_blocked, id=11524, stack(0x000000002c370000,0x000000002c470000)]
  0x000000001e6bf000 JavaThread "Memory manager" [_thread_blocked, id=12788, stack(0x0000000029040000,0x0000000029140000)]
  0x0000000019039800 JavaThread "Cache worker for file content cache (C:\Users\sshch_6pmzvii\.gradle\caches\6.5\fileContent)" [_thread_blocked, id=15396, stack(0x00000000217e0000,0x00000000218e0000)]
  0x0000000019037000 JavaThread "Cache worker for execution history cache (C:\Users\sshch_6pmzvii\.gradle\caches\6.5\executionHistory)" [_thread_blocked, id=13952, stack(0x0000000020fe0000,0x00000000210e0000)]
  0x000000001903d000 JavaThread "Cache worker for file hash cache (C:\Users\sshch_6pmzvii\.gradle\caches\6.5\fileHashes)" [_thread_blocked, id=1904, stack(0x000000001d4e0000,0x000000001d5e0000)]
  0x000000001903c800 JavaThread "File lock request listener" [_thread_in_native, id=10636, stack(0x000000001d3e0000,0x000000001d4e0000)]
  0x000000001b0df000 JavaThread "Cache worker for journal cache (C:\Users\sshch_6pmzvii\.gradle\caches\journal-1)" [_thread_blocked, id=10676, stack(0x000000001d1e0000,0x000000001d2e0000)]
  0x000000001adfc800 JavaThread "Daemon periodic checks" [_thread_blocked, id=14320, stack(0x000000001c5e0000,0x000000001c6e0000)]
  0x000000001adf2000 JavaThread "Incoming local TCP Connector on port 53368" [_thread_in_native, id=13764, stack(0x000000001c390000,0x000000001c490000)]
  0x0000000019716000 JavaThread "Daemon health stats" [_thread_blocked, id=8780, stack(0x000000001bd30000,0x000000001be30000)]
  0x0000000018dc9800 JavaThread "Service Thread" daemon [_thread_blocked, id=16776, stack(0x0000000019190000,0x0000000019290000)]
  0x000000001742e000 JavaThread "C1 CompilerThread2" daemon [_thread_blocked, id=9288, stack(0x0000000018c90000,0x0000000018d90000)]
  0x000000001741b000 JavaThread "C2 CompilerThread1" daemon [_thread_in_native, id=8828, stack(0x0000000018b90000,0x0000000018c90000)]
=>0x0000000017418800 JavaThread "C2 CompilerThread0" daemon [_thread_in_native, id=6868, stack(0x0000000018a90000,0x0000000018b90000)]
  0x0000000017417000 JavaThread "Attach Listener" daemon [_thread_blocked, id=9276, stack(0x0000000018990000,0x0000000018a90000)]
  0x0000000017415800 JavaThread "Signal Dispatcher" daemon [_thread_blocked, id=2052, stack(0x0000000018890000,0x0000000018990000)]
  0x00000000027bc000 JavaThread "Finalizer" daemon [_thread_blocked, id=9756, stack(0x0000000018670000,0x0000000018770000)]
  0x00000000173f9000 JavaThread "Reference Handler" daemon [_thread_blocked, id=8804, stack(0x0000000018570000,0x0000000018670000)]
  0x00000000026c2800 JavaThread "main" [_thread_blocked, id=8816, stack(0x00000000025c0000,0x00000000026c0000)]

Other Threads:
  0x00000000173d7000 VMThread [stack: 0x0000000018470000,0x0000000018570000] [id=10516]
  0x0000000018dca000 WatcherThread [stack: 0x0000000019290000,0x0000000019390000] [id=6740]

VM state:not at safepoint (normal execution)

VM Mutex/Monitor currently owned by a thread: None

heap address: 0x0000000080000000, size: 2048 MB, Compressed Oops mode: 32-bit
Narrow klass base: 0x0000000000000000, Narrow klass shift: 3
Compressed class space size: 1073741824 Address: 0x0000000100000000

Heap:
 PSYoungGen      total 376320K, used 92648K [0x00000000d5580000, 0x00000000f1d00000, 0x0000000100000000)
  eden space 347648K, 18% used [0x00000000d5580000,0x00000000d9401f08,0x00000000ea900000)
  from space 28672K, 99% used [0x00000000ea900000,0x00000000ec4f84b8,0x00000000ec500000)
  to   space 37376K, 0% used [0x00000000ef880000,0x00000000ef880000,0x00000000f1d00000)
 ParOldGen       total 147456K, used 77085K [0x0000000080000000, 0x0000000089000000, 0x00000000d5580000)
  object space 147456K, 52% used [0x0000000080000000,0x0000000084b477c8,0x0000000089000000)
 Metaspace       used 114536K, capacity 121867K, committed 121896K, reserved 1155072K
  class space    used 15082K, capacity 16404K, committed 16432K, reserved 1048576K

Card table byte_map: [0x0000000011b80000,0x0000000011f90000] byte_map_base: 0x0000000011780000

Marking Bits: (ParMarkBitMap*) 0x0000000074b2f030
 Begin Bits: [0x0000000012640000, 0x0000000014640000)
 End Bits:   [0x0000000014640000, 0x0000000016640000)

Polling page: 0x0000000002550000

CodeCache: size=245760Kb used=61154Kb max_used=61154Kb free=184605Kb
 bounds [0x00000000027c0000, 0x00000000063d0000, 0x00000000117c0000]
 total_blobs=18671 nmethods=17716 adapters=866
 compilation: enabled

Compilation events (10 events):
Event: 1848.352 Thread 0x000000001742e000 21666       2       com.android.tools.r8.code.K::<init> (5 bytes)
Event: 1848.352 Thread 0x000000001742e000 nmethod 21666 0x0000000006330b90 code [0x0000000006330ce0, 0x0000000006330e30]
Event: 1848.354 Thread 0x000000001742e000 21667       3       com.android.tools.r8.graph.G$b$a::hashCode (16 bytes)
Event: 1848.355 Thread 0x000000001742e000 nmethod 21667 0x0000000006330710 code [0x0000000006330880, 0x0000000006330aa8]
Event: 1848.360 Thread 0x000000001742e000 21668       2       com.android.tools.r8.dex.n$$Lambda$1326/108733809::<init> (10 bytes)
Event: 1848.361 Thread 0x000000001742e000 nmethod 21668 0x00000000063303d0 code [0x0000000006330520, 0x0000000006330690]
Event: 1848.361 Thread 0x000000001742e000 21669       3       com.android.tools.r8.graph.g0::computeEquals (62 bytes)
Event: 1848.362 Thread 0x000000001742e000 nmethod 21669 0x000000000632f350 code [0x000000000632f540, 0x00000000063300a8]
Event: 1848.366 Thread 0x000000001742e000 21670       3       com.android.tools.r8.code.e::<init> (7 bytes)
Event: 1848.367 Thread 0x000000001742e000 nmethod 21670 0x000000000632eb50 code [0x000000000632ece0, 0x000000000632f0d0]

GC Heap History (10 events):
Event: 974.040 GC heap before
{Heap before GC invocations=21 (full 3):
 PSYoungGen      total 334336K, used 317488K [0x00000000d5580000, 0x00000000ede00000, 0x0000000100000000)
  eden space 312832K, 100% used [0x00000000d5580000,0x00000000e8700000,0x00000000e8700000)
  from space 21504K, 21% used [0x00000000e8700000,0x00000000e8b8c010,0x00000000e9c00000)
  to   space 20992K, 0% used [0x00000000ec980000,0x00000000ec980000,0x00000000ede00000)
 ParOldGen       total 89600K, used 45562K [0x0000000080000000, 0x0000000085780000, 0x00000000d5580000)
  object space 89600K, 50% used [0x0000000080000000,0x0000000082c7eba0,0x0000000085780000)
 Metaspace       used 80051K, capacity 84794K, committed 85032K, reserved 1122304K
  class space    used 10608K, capacity 11454K, committed 11568K, reserved 1048576K
Event: 974.105 GC heap after
Heap after GC invocations=21 (full 3):
 PSYoungGen      total 371200K, used 18691K [0x00000000d5580000, 0x00000000edc00000, 0x0000000100000000)
  eden space 352256K, 0% used [0x00000000d5580000,0x00000000d5580000,0x00000000ead80000)
  from space 18944K, 98% used [0x00000000ec980000,0x00000000edbc0cd0,0x00000000edc00000)
  to   space 23552K, 0% used [0x00000000eae00000,0x00000000eae00000,0x00000000ec500000)
 ParOldGen       total 89600K, used 45570K [0x0000000080000000, 0x0000000085780000, 0x00000000d5580000)
  object space 89600K, 50% used [0x0000000080000000,0x0000000082c80ba0,0x0000000085780000)
 Metaspace       used 80051K, capacity 84794K, committed 85032K, reserved 1122304K
  class space    used 10608K, capacity 11454K, committed 11568K, reserved 1048576K
}
Event: 1092.127 GC heap before
{Heap before GC invocations=22 (full 3):
 PSYoungGen      total 371200K, used 217808K [0x00000000d5580000, 0x00000000edc00000, 0x0000000100000000)
  eden space 352256K, 56% used [0x00000000d5580000,0x00000000e17f33b8,0x00000000ead80000)
  from space 18944K, 98% used [0x00000000ec980000,0x00000000edbc0cd0,0x00000000edc00000)
  to   space 23552K, 0% used [0x00000000eae00000,0x00000000eae00000,0x00000000ec500000)
 ParOldGen       total 89600K, used 45570K [0x0000000080000000, 0x0000000085780000, 0x00000000d5580000)
  object space 89600K, 50% used [0x0000000080000000,0x0000000082c80ba0,0x0000000085780000)
 Metaspace       used 92904K, capacity 98401K, committed 98600K, reserved 1134592K
  class space    used 12255K, capacity 13360K, committed 13360K, reserved 1048576K
Event: 1092.206 GC heap after
Heap after GC invocations=22 (full 3):
 PSYoungGen      total 360448K, used 23542K [0x00000000d5580000, 0x00000000ed780000, 0x0000000100000000)
  eden space 336896K, 0% used [0x00000000d5580000,0x00000000d5580000,0x00000000e9e80000)
  from space 23552K, 99% used [0x00000000eae00000,0x00000000ec4fd8d8,0x00000000ec500000)
  to   space 18944K, 0% used [0x00000000ec500000,0x00000000ec500000,0x00000000ed780000)
 ParOldGen       total 89600K, used 49873K [0x0000000080000000, 0x0000000085780000, 0x00000000d5580000)
  object space 89600K, 55% used [0x0000000080000000,0x00000000830b4528,0x0000000085780000)
 Metaspace       used 92904K, capacity 98401K, committed 98600K, reserved 1134592K
  class space    used 12255K, capacity 13360K, committed 13360K, reserved 1048576K
}
Event: 1092.206 GC heap before
{Heap before GC invocations=23 (full 4):
 PSYoungGen      total 360448K, used 23542K [0x00000000d5580000, 0x00000000ed780000, 0x0000000100000000)
  eden space 336896K, 0% used [0x00000000d5580000,0x00000000d5580000,0x00000000e9e80000)
  from space 23552K, 99% used [0x00000000eae00000,0x00000000ec4fd8d8,0x00000000ec500000)
  to   space 18944K, 0% used [0x00000000ec500000,0x00000000ec500000,0x00000000ed780000)
 ParOldGen       total 89600K, used 49873K [0x0000000080000000, 0x0000000085780000, 0x00000000d5580000)
  object space 89600K, 55% used [0x0000000080000000,0x00000000830b4528,0x0000000085780000)
 Metaspace       used 92904K, capacity 98401K, committed 98600K, reserved 1134592K
  class space    used 12255K, capacity 13360K, committed 13360K, reserved 1048576K
Event: 1092.921 GC heap after
Heap after GC invocations=23 (full 4):
 PSYoungGen      total 360448K, used 0K [0x00000000d5580000, 0x00000000ed780000, 0x0000000100000000)
  eden space 336896K, 0% used [0x00000000d5580000,0x00000000d5580000,0x00000000e9e80000)
  from space 23552K, 0% used [0x00000000eae00000,0x00000000eae00000,0x00000000ec500000)
  to   space 18944K, 0% used [0x00000000ec500000,0x00000000ec500000,0x00000000ed780000)
 ParOldGen       total 147456K, used 65324K [0x0000000080000000, 0x0000000089000000, 0x00000000d5580000)
  object space 147456K, 44% used [0x0000000080000000,0x0000000083fcb000,0x0000000089000000)
 Metaspace       used 92788K, capacity 98079K, committed 98600K, reserved 1134592K
  class space    used 12220K, capacity 13281K, committed 13360K, reserved 1048576K
}
Event: 1782.994 GC heap before
{Heap before GC invocations=24 (full 4):
 PSYoungGen      total 360448K, used 336896K [0x00000000d5580000, 0x00000000ed780000, 0x0000000100000000)
  eden space 336896K, 100% used [0x00000000d5580000,0x00000000e9e80000,0x00000000e9e80000)
  from space 23552K, 0% used [0x00000000eae00000,0x00000000eae00000,0x00000000ec500000)
  to   space 18944K, 0% used [0x00000000ec500000,0x00000000ec500000,0x00000000ed780000)
 ParOldGen       total 147456K, used 65324K [0x0000000080000000, 0x0000000089000000, 0x00000000d5580000)
  object space 147456K, 44% used [0x0000000080000000,0x0000000083fcb000,0x0000000089000000)
 Metaspace       used 96315K, capacity 102257K, committed 102440K, reserved 1138688K
  class space    used 12639K, capacity 13792K, committed 13872K, reserved 1048576K
Event: 1783.138 GC heap after
Heap after GC invocations=24 (full 4):
 PSYoungGen      total 366592K, used 14508K [0x00000000d5580000, 0x00000000ef900000, 0x0000000100000000)
  eden space 347648K, 0% used [0x00000000d5580000,0x00000000d5580000,0x00000000ea900000)
  from space 18944K, 76% used [0x00000000ec500000,0x00000000ed32b248,0x00000000ed780000)
  to   space 28672K, 0% used [0x00000000ea900000,0x00000000ea900000,0x00000000ec500000)
 ParOldGen       total 147456K, used 65332K [0x0000000080000000, 0x0000000089000000, 0x00000000d5580000)
  object space 147456K, 44% used [0x0000000080000000,0x0000000083fcd000,0x0000000089000000)
 Metaspace       used 96315K, capacity 102257K, committed 102440K, reserved 1138688K
  class space    used 12639K, capacity 13792K, committed 13872K, reserved 1048576K
}
Event: 1842.748 GC heap before
{Heap before GC invocations=25 (full 4):
 PSYoungGen      total 366592K, used 362156K [0x00000000d5580000, 0x00000000ef900000, 0x0000000100000000)
  eden space 347648K, 100% used [0x00000000d5580000,0x00000000ea900000,0x00000000ea900000)
  from space 18944K, 76% used [0x00000000ec500000,0x00000000ed32b248,0x00000000ed780000)
  to   space 28672K, 0% used [0x00000000ea900000,0x00000000ea900000,0x00000000ec500000)
 ParOldGen       total 147456K, used 65332K [0x0000000080000000, 0x0000000089000000, 0x00000000d5580000)
  object space 147456K, 44% used [0x0000000080000000,0x0000000083fcd000,0x0000000089000000)
 Metaspace       used 114184K, capacity 121501K, committed 121640K, reserved 1155072K
  class space    used 15081K, capacity 16403K, committed 16432K, reserved 1048576K
Event: 1843.479 GC heap after
Heap after GC invocations=25 (full 4):
 PSYoungGen      total 376320K, used 28641K [0x00000000d5580000, 0x00000000f1d00000, 0x0000000100000000)
  eden space 347648K, 0% used [0x00000000d5580000,0x00000000d5580000,0x00000000ea900000)
  from space 28672K, 99% used [0x00000000ea900000,0x00000000ec4f84b8,0x00000000ec500000)
  to   space 37376K, 0% used [0x00000000ef880000,0x00000000ef880000,0x00000000f1d00000)
 ParOldGen       total 147456K, used 77085K [0x0000000080000000, 0x0000000089000000, 0x00000000d5580000)
  object space 147456K, 52% used [0x0000000080000000,0x0000000084b477c8,0x0000000089000000)
 Metaspace       used 114184K, capacity 121501K, committed 121640K, reserved 1155072K
  class space    used 15081K, capacity 16403K, committed 16432K, reserved 1048576K
}

Deoptimization events (10 events):
Event: 1845.553 Thread 0x0000000019ec2800 Uncommon trap: reason=bimorphic action=maybe_recompile pc=0x0000000005a4c7c8 method=com.android.tools.r8.graph.Y.a(Lcom/android/tools/r8/dex/F;Lcom/android/tools/r8/graph/Y;)V @ 2
Event: 1845.553 Thread 0x0000000019ec2800 Uncommon trap: reason=bimorphic action=maybe_recompile pc=0x0000000005a4c7c8 method=com.android.tools.r8.graph.Y.a(Lcom/android/tools/r8/dex/F;Lcom/android/tools/r8/graph/Y;)V @ 2
Event: 1845.688 Thread 0x0000000019ec2800 Uncommon trap: reason=unstable_if action=reinterpret pc=0x00000000061199a0 method=com.android.tools.r8.dex.m.c(I)V @ 8
Event: 1846.240 Thread 0x000000002d5d6800 Uncommon trap: reason=unstable_if action=reinterpret pc=0x00000000061b6608 method=com.android.tools.r8.dex.n.m()V @ 22
Event: 1846.240 Thread 0x000000002d5d6800 Uncommon trap: reason=unstable_if action=reinterpret pc=0x0000000006163658 method=com.android.tools.r8.graph.i0.a([C)I @ 44
Event: 1847.205 Thread 0x0000000019ec9000 Uncommon trap: reason=unstable_if action=reinterpret pc=0x00000000061e6d90 method=com.android.tools.r8.dex.n.i()Lcom/android/tools/r8/graph/l0; @ 60
Event: 1847.237 Thread 0x0000000019ec4000 Uncommon trap: reason=unstable_if action=reinterpret pc=0x00000000061c2b00 method=com.android.tools.r8.dex.n$d.a(Lcom/android/tools/r8/graph/b0;)Lcom/android/tools/r8/graph/Y; @ 13
Event: 1847.274 Thread 0x0000000019ec4000 Uncommon trap: reason=unstable_if action=reinterpret pc=0x0000000006272850 method=com.android.tools.r8.graph.g0.computeEquals(Ljava/lang/Object;)Z @ 51
Event: 1847.274 Thread 0x0000000019ec4000 Uncommon trap: reason=unstable_if action=reinterpret pc=0x00000000062a9780 method=com.android.tools.r8.graph.g0.computeEquals(Ljava/lang/Object;)Z @ 51
Event: 1848.008 Thread 0x0000000019ec9000 Uncommon trap: reason=unloaded action=reinterpret pc=0x0000000006336cfc method=com.android.tools.r8.code.v1.a(Ljava/nio/ShortBuffer;IILcom/android/tools/r8/graph/h1;)[Lcom/android/tools/r8/code/u1; @ 2603

Classes redefined (0 events):
No events

Internal exceptions (10 events):
Event: 1835.676 Thread 0x000000002d5e2800 Exception <a 'sun/nio/fs/WindowsException'> (0x00000000e5aeaba8) thrown at [C:\src\AOSP-openjdk-git\hotspot\src\share\vm\prims\jni.cpp, line 710]
Event: 1835.984 Thread 0x000000002d5da800 Exception <a 'sun/nio/fs/WindowsException'> (0x00000000e6220930) thrown at [C:\src\AOSP-openjdk-git\hotspot\src\share\vm\prims\jni.cpp, line 710]
Event: 1841.929 Thread 0x000000002d5da800 Exception <a 'sun/nio/fs/WindowsException'> (0x00000000e992a2e8) thrown at [C:\src\AOSP-openjdk-git\hotspot\src\share\vm\prims\jni.cpp, line 710]
Event: 1842.151 Thread 0x000000002d5da800 Exception <a 'java/lang/NoSuchMethodError': <clinit>> (0x00000000e99e6798) thrown at [C:\src\AOSP-openjdk-git\hotspot\src\share\vm\prims\jni.cpp, line 1615]
Event: 1842.433 Thread 0x000000002d5e0800 Exception <a 'sun/nio/fs/WindowsException'> (0x00000000e9cc06e0) thrown at [C:\src\AOSP-openjdk-git\hotspot\src\share\vm\prims\jni.cpp, line 710]
Event: 1842.679 Thread 0x0000000019ec4800 Implicit null exception at 0x0000000002b1c42f to 0x0000000002b1c521
Event: 1842.679 Thread 0x0000000019ec9000 Implicit null exception at 0x0000000002b1c42f to 0x0000000002b1c521
Event: 1842.679 Thread 0x0000000019ec2800 Implicit null exception at 0x0000000002b1c42f to 0x0000000002b1c521
Event: 1845.850 Thread 0x0000000019ec2800 Exception <a 'sun/nio/fs/WindowsException'> (0x00000000d600d430) thrown at [C:\src\AOSP-openjdk-git\hotspot\src\share\vm\prims\jni.cpp, line 710]
Event: 1846.092 Thread 0x000000002d5d6800 Exception <a 'sun/nio/fs/WindowsException'> (0x00000000d5f7a670) thrown at [C:\src\AOSP-openjdk-git\hotspot\src\share\vm\prims\jni.cpp, line 710]

Events (10 events):
Event: 1848.149 Thread 0x0000000019ec5800 DEOPT PACKING pc=0x00000000061d0848 sp=0x000000002383eb70
Event: 1848.149 Thread 0x0000000019ec5800 DEOPT UNPACKING pc=0x00000000028075d0 sp=0x000000002383e9e0 mode 0
Event: 1848.350 Thread 0x0000000019ec5800 DEOPT PACKING pc=0x00000000061d0848 sp=0x000000002383eb50
Event: 1848.350 Thread 0x0000000019ec5800 DEOPT UNPACKING pc=0x00000000028075d0 sp=0x000000002383e9c0 mode 0
Event: 1848.360 Thread 0x0000000019ec5800 DEOPT PACKING pc=0x00000000061d0848 sp=0x000000002383eb70
Event: 1848.360 Thread 0x0000000019ec5800 DEOPT UNPACKING pc=0x00000000028075d0 sp=0x000000002383e9e0 mode 0
Event: 1848.366 Thread 0x0000000019ec5800 DEOPT PACKING pc=0x00000000061d0848 sp=0x000000002383eb70
Event: 1848.366 Thread 0x0000000019ec5800 DEOPT UNPACKING pc=0x00000000028075d0 sp=0x000000002383e9e0 mode 0
Event: 1848.539 Thread 0x0000000019ec4800 DEOPT PACKING pc=0x00000000061d0848 sp=0x000000002373ebb0
Event: 1848.540 Thread 0x0000000019ec4800 DEOPT UNPACKING pc=0x00000000028075d0 sp=0x000000002373ea20 mode 0


Dynamic libraries:
0x00007ff697680000 - 0x00007ff6976b1000 	C:\Program Files\Android\Android Studio\jre\bin\java.exe
0x00007ffd9d350000 - 0x00007ffd9d545000 	C:\WINDOWS\SYSTEM32\ntdll.dll
0x00007ffd9d1c0000 - 0x00007ffd9d27d000 	C:\WINDOWS\System32\KERNEL32.DLL
0x00007ffd9ace0000 - 0x00007ffd9afa9000 	C:\WINDOWS\System32\KERNELBASE.dll
0x00007ffd9bb10000 - 0x00007ffd9bbbc000 	C:\WINDOWS\System32\ADVAPI32.dll
0x00007ffd9c430000 - 0x00007ffd9c4ce000 	C:\WINDOWS\System32\msvcrt.dll
0x00007ffd9c4d0000 - 0x00007ffd9c56c000 	C:\WINDOWS\System32\sechost.dll
0x00007ffd9bf30000 - 0x00007ffd9c05b000 	C:\WINDOWS\System32\RPCRT4.dll
0x00007ffd9b770000 - 0x00007ffd9b910000 	C:\WINDOWS\System32\USER32.dll
0x00007ffd9acb0000 - 0x00007ffd9acd2000 	C:\WINDOWS\System32\win32u.dll
0x00007ffd9bbc0000 - 0x00007ffd9bbea000 	C:\WINDOWS\System32\GDI32.dll
0x00007ffd9b0b0000 - 0x00007ffd9b1bb000 	C:\WINDOWS\System32\gdi32full.dll
0x00007ffd9aae0000 - 0x00007ffd9ab7d000 	C:\WINDOWS\System32\msvcp_win.dll
0x00007ffd9afb0000 - 0x00007ffd9b0b0000 	C:\WINDOWS\System32\ucrtbase.dll
0x00007ffd8dd70000 - 0x00007ffd8e00a000 	C:\WINDOWS\WinSxS\amd64_microsoft.windows.common-controls_6595b64144ccf1df_6.0.19041.844_none_ca00b6081b84eb1d\COMCTL32.dll
0x00007ffd9b540000 - 0x00007ffd9b570000 	C:\WINDOWS\System32\IMM32.DLL
0x0000000074280000 - 0x0000000074352000 	C:\Program Files\Android\Android Studio\jre\jre\bin\msvcr100.dll
0x0000000074360000 - 0x0000000074bab000 	C:\Program Files\Android\Android Studio\jre\jre\bin\server\jvm.dll
0x00007ffd9b3e0000 - 0x00007ffd9b3e8000 	C:\WINDOWS\System32\PSAPI.DLL
0x00007ffd8ed30000 - 0x00007ffd8ed57000 	C:\WINDOWS\SYSTEM32\WINMM.dll
0x00007ffd84160000 - 0x00007ffd84169000 	C:\WINDOWS\SYSTEM32\WSOCK32.dll
0x00007ffd9bbf0000 - 0x00007ffd9bc5b000 	C:\WINDOWS\System32\WS2_32.dll
0x00007ffd930f0000 - 0x00007ffd930fa000 	C:\WINDOWS\SYSTEM32\VERSION.dll
0x00007ffd85d50000 - 0x00007ffd85d5f000 	C:\Program Files\Android\Android Studio\jre\jre\bin\verify.dll
0x00007ffd74ff0000 - 0x00007ffd75019000 	C:\Program Files\Android\Android Studio\jre\jre\bin\java.dll
0x00007ffd6b230000 - 0x00007ffd6b246000 	C:\Program Files\Android\Android Studio\jre\jre\bin\zip.dll
0x00007ffd9c570000 - 0x00007ffd9ccb2000 	C:\WINDOWS\System32\SHELL32.dll
0x00007ffd989e0000 - 0x00007ffd99170000 	C:\WINDOWS\SYSTEM32\windows.storage.dll
0x00007ffd9c070000 - 0x00007ffd9c3c5000 	C:\WINDOWS\System32\combase.dll
0x00007ffd9a480000 - 0x00007ffd9a4ac000 	C:\WINDOWS\SYSTEM32\Wldp.dll
0x00007ffd9b590000 - 0x00007ffd9b63e000 	C:\WINDOWS\System32\SHCORE.dll
0x00007ffd9d280000 - 0x00007ffd9d2d5000 	C:\WINDOWS\System32\shlwapi.dll
0x00007ffd9a9a0000 - 0x00007ffd9a9bf000 	C:\WINDOWS\SYSTEM32\profapi.dll
0x00007ffd69690000 - 0x00007ffd696aa000 	C:\Program Files\Android\Android Studio\jre\jre\bin\net.dll
0x00007ffd9a1e0000 - 0x00007ffd9a24a000 	C:\WINDOWS\system32\mswsock.dll
0x00007ffd63c40000 - 0x00007ffd63c53000 	C:\Program Files\Android\Android Studio\jre\jre\bin\nio.dll
0x00007ffd964f0000 - 0x00007ffd96517000 	C:\Users\sshch_6pmzvii\.gradle\native\f6784746aeab05261644944871eae4fe03e0ef1612fff0a4a95f87b438bc6780\windows-amd64\native-platform.dll
0x00007ffd859e0000 - 0x00007ffd859ed000 	C:\Program Files\Android\Android Studio\jre\jre\bin\management.dll
0x00007ffd9a3b0000 - 0x00007ffd9a3c8000 	C:\WINDOWS\SYSTEM32\CRYPTSP.dll
0x00007ffd99b20000 - 0x00007ffd99b54000 	C:\WINDOWS\system32\rsaenh.dll
0x00007ffd9ac30000 - 0x00007ffd9ac57000 	C:\WINDOWS\System32\bcrypt.dll
0x00007ffd9a920000 - 0x00007ffd9a94e000 	C:\WINDOWS\SYSTEM32\USERENV.dll
0x00007ffd9aa60000 - 0x00007ffd9aae0000 	C:\WINDOWS\System32\bcryptprimitives.dll
0x00007ffd9a3d0000 - 0x00007ffd9a3dc000 	C:\WINDOWS\SYSTEM32\CRYPTBASE.dll
0x00007ffd99e70000 - 0x00007ffd99eab000 	C:\WINDOWS\SYSTEM32\IPHLPAPI.DLL
0x00007ffd9b4d0000 - 0x00007ffd9b4d8000 	C:\WINDOWS\System32\NSI.dll
0x00007ffd92c00000 - 0x00007ffd92c17000 	C:\WINDOWS\SYSTEM32\dhcpcsvc6.DLL
0x00007ffd92b70000 - 0x00007ffd92b8d000 	C:\WINDOWS\SYSTEM32\dhcpcsvc.DLL
0x00007ffd99f10000 - 0x00007ffd99fdb000 	C:\WINDOWS\SYSTEM32\DNSAPI.dll
0x00007ffd92ce0000 - 0x00007ffd92ceb000 	C:\WINDOWS\SYSTEM32\WINNSI.DLL
0x00007ffd75030000 - 0x00007ffd75054000 	C:\Program Files\Android\Android Studio\jre\jre\bin\sunec.dll
0x0000000075610000 - 0x000000007561a000 	C:\Program Files\National Instruments\Shared\mDNS Responder\nimdnsNSP.dll
0x0000000075600000 - 0x0000000075610000 	C:\WINDOWS\SYSTEM32\nimdnsResponder.dll
0x00007ffd84ac0000 - 0x00007ffd84ad7000 	C:\WINDOWS\SYSTEM32\VCRUNTIME140.dll
0x00007ffd8f5d0000 - 0x00007ffd8f5da000 	C:\Windows\System32\rasadhlp.dll
0x00007ffd8f550000 - 0x00007ffd8f5cf000 	C:\WINDOWS\System32\fwpuclnt.dll
0x00007ffd967a0000 - 0x00007ffd967ab000 	C:\Program Files\Android\Android Studio\jre\jre\bin\sunmscapi.dll
0x00007ffd9b1c0000 - 0x00007ffd9b31f000 	C:\WINDOWS\System32\CRYPT32.dll
0x00007ffd997b0000 - 0x00007ffd997e3000 	C:\WINDOWS\SYSTEM32\ntmarta.dll

VM Arguments:
jvm_args: -Xmx2048m -Dfile.encoding=UTF-8 -Duser.country=RU -Duser.language=ru -Duser.variant 
java_command: org.gradle.launcher.daemon.bootstrap.GradleDaemon 6.5
java_class_path (initial): C:\Users\sshch_6pmzvii\.gradle\wrapper\dists\gradle-6.5-bin\6nifqtx7604sqp1q6g8wikw7p\gradle-6.5\lib\gradle-launcher-6.5.jar
Launcher Type: SUN_STANDARD

Environment Variables:
PATH=C:\Program Files\Common Files\Oracle\Java\javapath;C:\Program Files\Microsoft MPI\Bin\;C:\ProgramData\Oracle\Java\javapath;C:\Program Files (x86)\Intel\iCLS Client\;C:\Program Files\Intel\iCLS Client\;C:\WINDOWS\system32;C:\WINDOWS;C:\WINDOWS\System32\Wbem;C:\WINDOWS\System32\WindowsPowerShell\v1.0\;C:\Program Files (x86)\Windows Live\Shared;C:\Program Files (x86)\Intel\OpenCL SDK\2.0\bin\x86;C:\Program Files (x86)\Intel\OpenCL SDK\2.0\bin\x64;C:\Program Files\Intel\WiFi\bin\;C:\Program Files\Common Files\Intel\WirelessCommon\;C:\Program Files\Intel\Intel(R) Management Engine Components\DAL;C:\Program Files\Intel\Intel(R) Management Engine Components\IPT;C:\Program Files (x86)\Intel\Intel(R) Management Engine Components\DAL;C:\Program Files (x86)\Intel\Intel(R) Management Engine Components\IPT;C:\Program Files\Diskeeper Corporation\ExpressCache\;C:\Program Files (x86)\NVIDIA Corporation\PhysX\Common;C:\Program Files (x86)\QuickTime\QTSystem\;C:\Program Files (x86)\Common Files\Acronis\SnapAPI\;C:\Program Files (x86)\IVI Foundation\VISA\WinNT\Bin;C:\WINDOWS\System32\OpenSSH\;C:\Program Files\NVIDIA Corporation\NVIDIA NvDLISR;C:\WINDOWS\system32;C:\WINDOWS;C:\WINDOWS\System32\Wbem;C:\WINDOWS\System32\WindowsPowerShell\v1.0\;C:\WINDOWS\System32\OpenSSH\;C:\Program Files (x86)\Microsoft SQL Server\150\Tools\Binn\;C:\Program Files\Microsoft SQL Server\150\Tools\Binn\;C:\Program Files (x86)\Microsoft SQL Server\150\DTS\Binn\;C:\Program Files\Microsoft SQL Server\150\DTS\Binn\;C:\Program Files\Microsoft SQL Server\Client SDK\ODBC\170\Tools\Binn\;C:\Program Files (x86)\IVI Foundation\VISA\WinNT\Bin\;C:\Program Files\IVI Foundation\VISA\Win64\Bin\;C:\Program Files\MATLAB\R2020b\bin;C:\Users\sshch_6pmzvii\AppData\Local\Programs\Python\Launcher\;C:\Users\sshch_6pmzvii\AppData\Local\Microsoft\WindowsApps;C:\Users\sshch_6pmzvii\AppData\Local\Programs\Git\cmd
USERNAME=sshch_6pmzvii
OS=Windows_NT
PROCESSOR_IDENTIFIER=Intel64 Family 6 Model 58 Stepping 9, GenuineIntel



---------------  S Y S T E M  ---------------

OS: Windows 10.0 , 64 bit Build 19041 (10.0.19041.804)

CPU:total 4 (initial active 4) (2 cores per cpu, 2 threads per core) family 6 model 58 stepping 9, cmov, cx8, fxsr, mmx, sse, sse2, sse3, ssse3, sse4.1, sse4.2, popcnt, avx, aes, clmul, erms, ht, tsc, tscinvbit, tscinv

Memory: 4k page, physical 6174196k(98760k free), swap 12465652k(9044k free)

vm_info: OpenJDK 64-Bit Server VM (25.242-b01) for windows-amd64 JRE (1.8.0_242-release-1644-b01), built by "builder" with MS VC++ 10.0 (VS2010)

time: Fri Mar 19 10:46:45 2021
timezone: RTZ 2 (зима)
elapsed time: 1848 seconds (0d 0h 30m 48s)

