#
# There is insufficient memory for the Java Runtime Environment to continue.
# Native memory allocation (malloc) failed to allocate 1489616 bytes for Chunk::new
# Possible reasons:
#   The system is out of physical RAM or swap space
#   The process is running with CompressedOops enabled, and the Java Heap may be blocking the growth of the native heap
# Possible solutions:
#   Reduce memory load on the system
#   Increase physical memory or swap space
#   Check if swap backing store is full
#   Decrease Java heap size (-Xmx/-Xms)
#   Decrease number of Java threads
#   Decrease Java thread stack sizes (-Xss)
#   Set larger code cache with -XX:ReservedCodeCacheSize=
#   JVM is running with Unscaled Compressed Oops mode in which the Java heap is
#     placed in the first 4GB address space. The Java Heap base address is the
#     maximum limit for the native heap growth. Please use -XX:HeapBaseMinAddress
#     to set the Java Heap base and to place the Java Heap above 4GB virtual address.
# This output file may be truncated or incomplete.
#
#  Out of Memory Error (allocation.cpp:389), pid=16756, tid=0x0000000000002d9c
#
# JRE version: OpenJDK Runtime Environment (8.0_242-b01) (build 1.8.0_242-release-1644-b01)
# Java VM: OpenJDK 64-Bit Server VM (25.242-b01 mixed mode windows-amd64 compressed oops)
# Failed to write core dump. Minidumps are not enabled by default on client versions of Windows
#

---------------  T H R E A D  ---------------

Current thread (0x000000001755a000):  JavaThread "C2 CompilerThread0" daemon [_thread_in_native, id=11676, stack(0x0000000018bc0000,0x0000000018cc0000)]

Stack: [0x0000000018bc0000,0x0000000018cc0000]
[error occurred during error reporting (printing stack bounds), id 0xc0000005]

Native frames: (J=compiled Java code, j=interpreted, Vv=VM code, C=native code)


Current CompileTask:
C2:4321382 22792       4       org.gradle.api.internal.artifacts.ivyservice.resolveengine.graph.builder.NodeState::visitOutgoingDependencies (264 bytes)


---------------  P R O C E S S  ---------------

Java Threads: ( => current thread )
  0x000000001b186000 JavaThread "Cache worker for execution history cache (C:\Users\sshch_6pmzvii\AndroidStudioProjects\myclient\.gradle\6.5\executionHistory)" [_thread_blocked, id=11396, stack(0x0000000029dd0000,0x0000000029ed0000)]
  0x000000001e140000 JavaThread "Execution worker for ':' Thread 3" [_thread_blocked, id=8716, stack(0x00000000299d0000,0x0000000029ad0000)]
  0x000000001e13f000 JavaThread "Execution worker for ':' Thread 2" [_thread_blocked, id=3000, stack(0x00000000294b0000,0x00000000295b0000)]
  0x000000001e13d800 JavaThread "Execution worker for ':'" [_thread_blocked, id=12728, stack(0x00000000280b0000,0x00000000281b0000)]
  0x000000001e13d000 JavaThread "Cache worker for file content cache (C:\Users\sshch_6pmzvii\AndroidStudioProjects\myclient\.gradle\6.5\fileContent)" [_thread_blocked, id=14980, stack(0x0000000027db0000,0x0000000027eb0000)]
  0x000000001e135000 JavaThread "Cache worker for Build Output Cleanup Cache (C:\Users\sshch_6pmzvii\AndroidStudioProjects\myclient\.gradle\buildOutputCleanup)" [_thread_blocked, id=13892, stack(0x0000000027cb0000,0x0000000027db0000)]
  0x000000001e13b800 JavaThread "jar transforms Thread 1840" [_thread_blocked, id=6540, stack(0x0000000027bb0000,0x0000000027cb0000)]
  0x000000001e139800 JavaThread "jar transforms Thread 1839" [_thread_blocked, id=14884, stack(0x0000000027ab0000,0x0000000027bb0000)]
  0x000000001e13c000 JavaThread "jar transforms Thread 1838" [_thread_blocked, id=8232, stack(0x00000000279b0000,0x0000000027ab0000)]
  0x000000001e13a800 JavaThread "jar transforms Thread 1837" [_thread_blocked, id=2568, stack(0x00000000278b0000,0x00000000279b0000)]
  0x000000001e139000 JavaThread "jar transforms Thread 1836" [_thread_blocked, id=11392, stack(0x00000000277b0000,0x00000000278b0000)]
  0x000000001e132000 JavaThread "jar transforms Thread 1835" [_thread_blocked, id=4676, stack(0x00000000276b0000,0x00000000277b0000)]
  0x000000001e131800 JavaThread "jar transforms Thread 1834" [_thread_blocked, id=5724, stack(0x00000000275b0000,0x00000000276b0000)]
  0x000000001e133000 JavaThread "jar transforms Thread 1833" [_thread_blocked, id=16132, stack(0x00000000274b0000,0x00000000275b0000)]
  0x000000001e134800 JavaThread "jar transforms Thread 1832" [_thread_blocked, id=12216, stack(0x00000000273b0000,0x00000000274b0000)]
  0x000000001e136000 JavaThread "jar transforms Thread 1831" [_thread_blocked, id=10284, stack(0x00000000272b0000,0x00000000273b0000)]
  0x000000001e133800 JavaThread "jar transforms Thread 1830" [_thread_blocked, id=14200, stack(0x00000000271b0000,0x00000000272b0000)]
  0x000000001e137800 JavaThread "jar transforms Thread 1829" [_thread_blocked, id=9644, stack(0x00000000270b0000,0x00000000271b0000)]
  0x000000001e136800 JavaThread "jar transforms Thread 1828" [_thread_blocked, id=16168, stack(0x0000000026fb0000,0x00000000270b0000)]
  0x00000000201cd800 JavaThread "jar transforms Thread 1827" [_thread_blocked, id=15836, stack(0x0000000026eb0000,0x0000000026fb0000)]
  0x00000000201cc800 JavaThread "jar transforms Thread 1826" [_thread_blocked, id=10632, stack(0x0000000026db0000,0x0000000026eb0000)]
  0x00000000201c9800 JavaThread "jar transforms Thread 1825" [_thread_blocked, id=9788, stack(0x0000000026cb0000,0x0000000026db0000)]
  0x00000000201cc000 JavaThread "jar transforms Thread 1824" [_thread_blocked, id=5128, stack(0x0000000026bb0000,0x0000000026cb0000)]
  0x00000000201d0800 JavaThread "jar transforms Thread 1823" [_thread_blocked, id=13116, stack(0x0000000026ab0000,0x0000000026bb0000)]
  0x00000000201cf800 JavaThread "jar transforms Thread 1822" [_thread_blocked, id=11092, stack(0x00000000269b0000,0x0000000026ab0000)]
  0x00000000201c8800 JavaThread "jar transforms Thread 1821" [_thread_blocked, id=1148, stack(0x00000000268b0000,0x00000000269b0000)]
  0x00000000201ce000 JavaThread "jar transforms Thread 1820" [_thread_blocked, id=17156, stack(0x00000000267b0000,0x00000000268b0000)]
  0x00000000201cb000 JavaThread "jar transforms Thread 1819" [_thread_blocked, id=5160, stack(0x00000000266b0000,0x00000000267b0000)]
  0x00000000201c1000 JavaThread "jar transforms Thread 1818" [_thread_blocked, id=13236, stack(0x00000000265b0000,0x00000000266b0000)]
  0x00000000201c7000 JavaThread "jar transforms Thread 1817" [_thread_blocked, id=9288, stack(0x00000000264b0000,0x00000000265b0000)]
  0x00000000201c4000 JavaThread "jar transforms Thread 1816" [_thread_blocked, id=11068, stack(0x00000000263b0000,0x00000000264b0000)]
  0x00000000201c5000 JavaThread "jar transforms Thread 1815" [_thread_blocked, id=14732, stack(0x00000000262b0000,0x00000000263b0000)]
  0x00000000201c2000 JavaThread "jar transforms Thread 1814" [_thread_blocked, id=12704, stack(0x00000000261b0000,0x00000000262b0000)]
  0x00000000201c6800 JavaThread "jar transforms Thread 1813" [_thread_blocked, id=10880, stack(0x00000000260b0000,0x00000000261b0000)]
  0x00000000201c2800 JavaThread "jar transforms Thread 1812" [_thread_blocked, id=9172, stack(0x0000000025fb0000,0x00000000260b0000)]
  0x00000000201c3800 JavaThread "jar transforms Thread 1811" [_thread_blocked, id=12148, stack(0x0000000025eb0000,0x0000000025fb0000)]
  0x00000000201c5800 JavaThread "jar transforms Thread 1810" [_thread_blocked, id=1680, stack(0x0000000025db0000,0x0000000025eb0000)]
  0x00000000201c8000 JavaThread "jar transforms Thread 1809" [_thread_blocked, id=14124, stack(0x0000000025cb0000,0x0000000025db0000)]
  0x00000000197fa000 JavaThread "jar transforms Thread 1808" [_thread_blocked, id=6968, stack(0x0000000025bb0000,0x0000000025cb0000)]
  0x00000000197f9800 JavaThread "jar transforms Thread 1807" [_thread_blocked, id=3184, stack(0x0000000025ab0000,0x0000000025bb0000)]
  0x00000000197f8800 JavaThread "jar transforms Thread 1806" [_thread_blocked, id=2884, stack(0x00000000259b0000,0x0000000025ab0000)]
  0x00000000197f8000 JavaThread "jar transforms Thread 1805" [_thread_blocked, id=9876, stack(0x00000000258b0000,0x00000000259b0000)]
  0x00000000197f0800 JavaThread "jar transforms Thread 1804" [_thread_blocked, id=12232, stack(0x00000000257b0000,0x00000000258b0000)]
  0x00000000197f7000 JavaThread "jar transforms Thread 1803" [_thread_blocked, id=10384, stack(0x00000000256b0000,0x00000000257b0000)]
  0x00000000197f5800 JavaThread "jar transforms Thread 1802" [_thread_blocked, id=9676, stack(0x00000000255b0000,0x00000000256b0000)]
  0x00000000197ef800 JavaThread "jar transforms Thread 1801" [_thread_blocked, id=15984, stack(0x00000000254b0000,0x00000000255b0000)]
  0x00000000197f5000 JavaThread "jar transforms Thread 1800" [_thread_blocked, id=1688, stack(0x00000000253b0000,0x00000000254b0000)]
  0x00000000197ed800 JavaThread "jar transforms Thread 1799" [_thread_blocked, id=2580, stack(0x00000000252b0000,0x00000000253b0000)]
  0x00000000197f4000 JavaThread "jar transforms Thread 1798" [_thread_blocked, id=12368, stack(0x00000000251b0000,0x00000000252b0000)]
  0x00000000197f3800 JavaThread "jar transforms Thread 1797" [_thread_blocked, id=744, stack(0x00000000250b0000,0x00000000251b0000)]
  0x00000000197ef000 JavaThread "jar transforms Thread 1796" [_thread_blocked, id=10204, stack(0x0000000024fb0000,0x00000000250b0000)]
  0x00000000197f2800 JavaThread "jar transforms Thread 1795" [_thread_blocked, id=3488, stack(0x0000000024eb0000,0x0000000024fb0000)]
  0x00000000197f1000 JavaThread "jar transforms Thread 1794" [_thread_blocked, id=2020, stack(0x0000000024db0000,0x0000000024eb0000)]
  0x00000000197eb000 JavaThread "jar transforms Thread 1793" [_thread_blocked, id=7052, stack(0x0000000024cb0000,0x0000000024db0000)]
  0x00000000197ee000 JavaThread "jar transforms Thread 1792" [_thread_blocked, id=15960, stack(0x0000000024bb0000,0x0000000024cb0000)]
  0x00000000197ec800 JavaThread "jar transforms Thread 1791" [_thread_blocked, id=4792, stack(0x0000000024ab0000,0x0000000024bb0000)]
  0x00000000197f2000 JavaThread "jar transforms Thread 1790" [_thread_blocked, id=7084, stack(0x00000000249b0000,0x0000000024ab0000)]
  0x000000001f4a2000 JavaThread "jar transforms Thread 1789" [_thread_blocked, id=10404, stack(0x00000000248b0000,0x00000000249b0000)]
  0x000000001f4a1000 JavaThread "jar transforms Thread 1788" [_thread_blocked, id=16332, stack(0x00000000247b0000,0x00000000248b0000)]
  0x000000001f4a0800 JavaThread "jar transforms Thread 1787" [_thread_blocked, id=10576, stack(0x00000000246b0000,0x00000000247b0000)]
  0x000000001f49f800 JavaThread "jar transforms Thread 1786" [_thread_blocked, id=13592, stack(0x00000000245b0000,0x00000000246b0000)]
  0x000000001f49f000 JavaThread "jar transforms Thread 1785" [_thread_blocked, id=16376, stack(0x00000000244b0000,0x00000000245b0000)]
  0x000000001f49e000 JavaThread "jar transforms Thread 1784" [_thread_blocked, id=16104, stack(0x00000000243b0000,0x00000000244b0000)]
  0x000000001f49d800 JavaThread "jar transforms Thread 1783" [_thread_blocked, id=11300, stack(0x00000000242b0000,0x00000000243b0000)]
  0x000000001f496000 JavaThread "jar transforms Thread 1782" [_thread_blocked, id=14120, stack(0x00000000241b0000,0x00000000242b0000)]
  0x000000001f49c000 JavaThread "jar transforms Thread 1781" [_thread_blocked, id=8980, stack(0x00000000240b0000,0x00000000241b0000)]
  0x000000001f49c800 JavaThread "jar transforms Thread 1780" [_thread_blocked, id=14808, stack(0x0000000023fb0000,0x00000000240b0000)]
  0x000000001f49b000 JavaThread "jar transforms Thread 1779" [_thread_blocked, id=13000, stack(0x0000000023eb0000,0x0000000023fb0000)]
  0x000000001f49a800 JavaThread "jar transforms Thread 1778" [_thread_blocked, id=3232, stack(0x0000000023db0000,0x0000000023eb0000)]
  0x000000001f497800 JavaThread "jar transforms Thread 1777" [_thread_blocked, id=17064, stack(0x0000000023cb0000,0x0000000023db0000)]
  0x000000001f495000 JavaThread "jar transforms Thread 1776" [_thread_blocked, id=12760, stack(0x0000000023bb0000,0x0000000023cb0000)]
  0x000000001f498000 JavaThread "jar transforms Thread 1775" [_thread_blocked, id=7028, stack(0x0000000023ab0000,0x0000000023bb0000)]
  0x000000001f499800 JavaThread "jar transforms Thread 1774" [_thread_blocked, id=11148, stack(0x00000000239b0000,0x0000000023ab0000)]
  0x000000001f492800 JavaThread "jar transforms Thread 1773" [_thread_blocked, id=11048, stack(0x00000000238b0000,0x00000000239b0000)]
  0x000000001f499000 JavaThread "jar transforms Thread 1772" [_thread_blocked, id=13880, stack(0x00000000237b0000,0x00000000238b0000)]
  0x000000001f496800 JavaThread "jar transforms Thread 1771" [_thread_blocked, id=13752, stack(0x00000000236b0000,0x00000000237b0000)]
  0x000000001f494800 JavaThread "jar transforms Thread 1770" [_thread_blocked, id=1040, stack(0x00000000235b0000,0x00000000236b0000)]
  0x000000002107c800 JavaThread "jar transforms Thread 1769" [_thread_blocked, id=17232, stack(0x00000000234b0000,0x00000000235b0000)]
  0x000000002107b800 JavaThread "jar transforms Thread 1768" [_thread_blocked, id=16636, stack(0x00000000233b0000,0x00000000234b0000)]
  0x0000000021076800 JavaThread "jar transforms Thread 1767" [_thread_blocked, id=11004, stack(0x00000000232b0000,0x00000000233b0000)]
  0x000000002107b000 JavaThread "jar transforms Thread 1766" [_thread_blocked, id=2928, stack(0x00000000231b0000,0x00000000232b0000)]
  0x0000000021075000 JavaThread "jar transforms Thread 1765" [_thread_blocked, id=5772, stack(0x00000000230b0000,0x00000000231b0000)]
  0x000000002107a000 JavaThread "jar transforms Thread 1764" [_thread_blocked, id=6044, stack(0x0000000022fb0000,0x00000000230b0000)]
  0x0000000021077000 JavaThread "jar transforms Thread 1763" [_thread_blocked, id=16848, stack(0x0000000022eb0000,0x0000000022fb0000)]
  0x0000000021079800 JavaThread "jar transforms Thread 1762" [_thread_blocked, id=13816, stack(0x0000000022db0000,0x0000000022eb0000)]
  0x0000000021074000 JavaThread "jar transforms Thread 1761" [_thread_blocked, id=14848, stack(0x0000000022cb0000,0x0000000022db0000)]
  0x0000000021073800 JavaThread "jar transforms Thread 1760" [_thread_blocked, id=16580, stack(0x0000000022bb0000,0x0000000022cb0000)]
  0x0000000021072000 JavaThread "jar transforms Thread 1759" [_thread_blocked, id=928, stack(0x0000000022ab0000,0x0000000022bb0000)]
  0x0000000021078000 JavaThread "jar transforms Thread 1758" [_thread_blocked, id=12756, stack(0x00000000229b0000,0x0000000022ab0000)]
  0x0000000021078800 JavaThread "jar transforms Thread 1757" [_thread_blocked, id=10984, stack(0x00000000228b0000,0x00000000229b0000)]
  0x000000002106f000 JavaThread "jar transforms Thread 1756" [_thread_blocked, id=1852, stack(0x00000000227b0000,0x00000000228b0000)]
  0x000000002106f800 JavaThread "jar transforms Thread 1755" [_thread_blocked, id=5600, stack(0x00000000226b0000,0x00000000227b0000)]
  0x0000000021075800 JavaThread "jar transforms Thread 1754" [_thread_blocked, id=444, stack(0x00000000225b0000,0x00000000226b0000)]
  0x0000000021071000 JavaThread "jar transforms Thread 1753" [_thread_blocked, id=1376, stack(0x00000000224b0000,0x00000000225b0000)]
  0x000000002106e000 JavaThread "jar transforms Thread 1752" [_thread_blocked, id=15556, stack(0x00000000223b0000,0x00000000224b0000)]
  0x0000000021072800 JavaThread "jar transforms Thread 1751" [_thread_blocked, id=12944, stack(0x00000000222b0000,0x00000000223b0000)]
  0x0000000021070800 JavaThread "jar transforms Thread 1750" [_thread_blocked, id=2692, stack(0x00000000221b0000,0x00000000222b0000)]
  0x000000001eec9800 JavaThread "jar transforms Thread 1749" [_thread_blocked, id=4472, stack(0x00000000220b0000,0x00000000221b0000)]
  0x000000001eecc800 JavaThread "Build operations Thread 4" [_thread_blocked, id=4992, stack(0x00000000218b0000,0x00000000219b0000)]
  0x000000001eeca800 JavaThread "Build operations Thread 3" [_thread_in_Java, id=9940, stack(0x00000000210b0000,0x00000000211b0000)]
  0x000000001eec9000 JavaThread "Build operations Thread 2" [_thread_blocked, id=12904, stack(0x000000001fef0000,0x000000001fff0000)]
  0x000000001eecc000 JavaThread "Build operations" [_thread_blocked, id=14816, stack(0x000000001fdf0000,0x000000001fef0000)]
  0x000000001eec0800 JavaThread "Cache worker for cache directory md-rule (C:\Users\sshch_6pmzvii\.gradle\caches\6.5\md-rule)" [_thread_blocked, id=7208, stack(0x000000001faf0000,0x000000001fbf0000)]
  0x000000001eec6800 JavaThread "Cache worker for cache directory md-supplier (C:\Users\sshch_6pmzvii\.gradle\caches\6.5\md-supplier)" [_thread_blocked, id=13480, stack(0x000000001cff0000,0x000000001d0f0000)]
  0x000000001eec6000 JavaThread "Cache worker for checksums cache (C:\Users\sshch_6pmzvii\AndroidStudioProjects\myclient\.gradle\checksums)" [_thread_blocked, id=2704, stack(0x000000001cef0000,0x000000001cff0000)]
  0x000000001eebd800 JavaThread "Cache worker for file hash cache (C:\Users\sshch_6pmzvii\AndroidStudioProjects\myclient\.gradle\6.5\fileHashes)" [_thread_blocked, id=14100, stack(0x000000001cdf0000,0x000000001cef0000)]
  0x000000001eec3800 JavaThread "Thread-2249" [_thread_blocked, id=2736, stack(0x000000001ccf0000,0x000000001cdf0000)]
  0x000000001eec3000 JavaThread "Stdin handler" [_thread_blocked, id=9084, stack(0x000000001cbf0000,0x000000001ccf0000)]
  0x000000001eec0000 JavaThread "Asynchronous log dispatcher for DefaultDaemonConnection: socket connection from /127.0.0.1:50210 to /127.0.0.1:55073" [_thread_in_native, id=11220, stack(0x000000001caf0000,0x000000001cbf0000)]
  0x000000001eebe800 JavaThread "Daemon worker Thread 19" [_thread_blocked, id=4384, stack(0x000000001c9f0000,0x000000001caf0000)]
  0x000000001eec1800 JavaThread "Cancel handler" [_thread_blocked, id=8992, stack(0x000000001c3a0000,0x000000001c4a0000)]
  0x000000001eec4800 JavaThread "Handler for socket connection from /127.0.0.1:50210 to /127.0.0.1:55073" [_thread_in_native, id=6304, stack(0x000000001c2a0000,0x000000001c3a0000)]
  0x000000001eec2000 JavaThread "Daemon Thread 19" [_thread_blocked, id=16948, stack(0x0000000000cd0000,0x0000000000dd0000)]
  0x000000001eec5000 JavaThread "Cache worker for Java compile cache (C:\Users\sshch_6pmzvii\.gradle\caches\6.5\javaCompile)" [_thread_blocked, id=8492, stack(0x000000002bd90000,0x000000002be90000)]
  0x000000001e138000 JavaThread "Memory manager" [_thread_blocked, id=8588, stack(0x00000000293b0000,0x00000000294b0000)]
  0x0000000019b93000 JavaThread "Cache worker for file content cache (C:\Users\sshch_6pmzvii\.gradle\caches\6.5\fileContent)" [_thread_blocked, id=12900, stack(0x00000000219b0000,0x0000000021ab0000)]
  0x0000000019b8f000 JavaThread "Cache worker for execution history cache (C:\Users\sshch_6pmzvii\.gradle\caches\6.5\executionHistory)" [_thread_blocked, id=11404, stack(0x00000000211b0000,0x00000000212b0000)]
  0x0000000019b8e800 JavaThread "Cache worker for file hash cache (C:\Users\sshch_6pmzvii\.gradle\caches\6.5\fileHashes)" [_thread_blocked, id=16736, stack(0x000000001e4c0000,0x000000001e5c0000)]
  0x0000000019b8d000 JavaThread "File lock request listener" [_thread_in_native, id=16632, stack(0x000000001e620000,0x000000001e720000)]
  0x0000000019b8c000 JavaThread "Cache worker for journal cache (C:\Users\sshch_6pmzvii\.gradle\caches\journal-1)" [_thread_blocked, id=17120, stack(0x000000001e2c0000,0x000000001e3c0000)]
  0x000000001a5de800 JavaThread "Daemon periodic checks" [_thread_blocked, id=8800, stack(0x000000001c6f0000,0x000000001c7f0000)]
  0x000000001a5d3000 JavaThread "Incoming local TCP Connector on port 50210" [_thread_in_native, id=14492, stack(0x000000001c4a0000,0x000000001c5a0000)]
  0x000000001953e800 JavaThread "Daemon health stats" [_thread_blocked, id=15776, stack(0x000000001ae90000,0x000000001af90000)]
  0x0000000018dd1000 JavaThread "Service Thread" daemon [_thread_blocked, id=12976, stack(0x00000000192c0000,0x00000000193c0000)]
  0x0000000018dc8800 JavaThread "C1 CompilerThread2" daemon [_thread_blocked, id=10212, stack(0x00000000191c0000,0x00000000192c0000)]
  0x00000000175a7800 JavaThread "C2 CompilerThread1" daemon [_thread_blocked, id=15844, stack(0x0000000018cc0000,0x0000000018dc0000)]
=>0x000000001755a000 JavaThread "C2 CompilerThread0" daemon [_thread_in_native, id=11676, stack(0x0000000018bc0000,0x0000000018cc0000)]
  0x0000000017558000 JavaThread "Attach Listener" daemon [_thread_blocked, id=14308, stack(0x0000000018ac0000,0x0000000018bc0000)]
  0x0000000017556800 JavaThread "Signal Dispatcher" daemon [_thread_blocked, id=3644, stack(0x00000000189c0000,0x0000000018ac0000)]
  0x000000000292c000 JavaThread "Finalizer" daemon [_thread_blocked, id=15728, stack(0x00000000187b0000,0x00000000188b0000)]
  0x0000000017539000 JavaThread "Reference Handler" daemon [_thread_blocked, id=17028, stack(0x00000000186b0000,0x00000000187b0000)]
  0x0000000002832800 JavaThread "main" [_thread_blocked, id=11072, stack(0x0000000002730000,0x0000000002830000)]

Other Threads:
  0x0000000017517000 VMThread [stack: 0x00000000185b0000,0x00000000186b0000] [id=7564]
  0x0000000018dd2000 WatcherThread [stack: 0x00000000193c0000,0x00000000194c0000] [id=3220]

VM state:not at safepoint (normal execution)

VM Mutex/Monitor currently owned by a thread: None

heap address: 0x0000000080000000, size: 2048 MB, Compressed Oops mode: 32-bit
Narrow klass base: 0x0000000000000000, Narrow klass shift: 3
Compressed class space size: 1073741824 Address: 0x0000000100000000

Heap:
 PSYoungGen      total 540672K, used 341953K [0x00000000d5580000, 0x00000000fc200000, 0x0000000100000000)
  eden space 504320K, 66% used [0x00000000d5580000,0x00000000e9d8c6f0,0x00000000f4200000)
  from space 36352K, 16% used [0x00000000f4200000,0x00000000f47e4010,0x00000000f6580000)
  to   space 34816K, 0% used [0x00000000fa000000,0x00000000fa000000,0x00000000fc200000)
 ParOldGen       total 166912K, used 96890K [0x0000000080000000, 0x000000008a300000, 0x00000000d5580000)
  object space 166912K, 58% used [0x0000000080000000,0x0000000085e9ea48,0x000000008a300000)
 Metaspace       used 99606K, capacity 107682K, committed 107816K, reserved 1142784K
  class space    used 13021K, capacity 14337K, committed 14376K, reserved 1048576K

Card table byte_map: [0x0000000011cf0000,0x0000000012100000] byte_map_base: 0x00000000118f0000

Marking Bits: (ParMarkBitMap*) 0x000000006e48f030
 Begin Bits: [0x00000000127b0000, 0x00000000147b0000)
 End Bits:   [0x00000000147b0000, 0x00000000167b0000)

Polling page: 0x0000000002600000

CodeCache: size=245760Kb used=62103Kb max_used=62117Kb free=183656Kb
 bounds [0x0000000002930000, 0x0000000006640000, 0x0000000011930000]
 total_blobs=19041 nmethods=18153 adapters=799
 compilation: enabled

Compilation events (10 events):
Event: 4320.674 Thread 0x0000000018dc8800 22804       3       kotlin.collections.ArrayAsCollection::toArray (12 bytes)
Event: 4320.674 Thread 0x0000000018dc8800 nmethod 22804 0x0000000006633410 code [0x0000000006633580, 0x0000000006633728]
Event: 4320.674 Thread 0x0000000018dc8800 22805       3       com.google.gson.Gson::<init> (36 bytes)
Event: 4320.728 Thread 0x0000000018dc8800 nmethod 22805 0x0000000004d0aa90 code [0x0000000004d0ac20, 0x0000000004d0afe8]
Event: 4320.728 Thread 0x0000000018dc8800 22806       3       com.android.build.gradle.internal.cxx.model.CreateCxxVariantModelKt$createCxxVariantModel$1$intermediatesFolder$2::invoke (5 bytes)
Event: 4320.728 Thread 0x0000000018dc8800 nmethod 22806 0x0000000004d0a690 code [0x0000000004d0a800, 0x0000000004d0aa08]
Event: 4321.268 Thread 0x0000000018dc8800 22808       3       com.android.build.gradle.tasks.MergeResources_Decorated::toString (33 bytes)
Event: 4321.269 Thread 0x0000000018dc8800 nmethod 22808 0x00000000045bacd0 code [0x00000000045bae80, 0x00000000045bb478]
Event: 4321.367 Thread 0x0000000018dc8800 22809       1       com.android.build.api.variant.impl.VariantOutputImpl::getFullName (5 bytes)
Event: 4321.368 Thread 0x0000000018dc8800 nmethod 22809 0x0000000004d0a3d0 code [0x0000000004d0a520, 0x0000000004d0a630]

GC Heap History (10 events):
Event: 2484.432 GC heap before
{Heap before GC invocations=23 (full 4):
 PSYoungGen      total 400384K, used 388398K [0x00000000d5580000, 0x00000000f0b80000, 0x0000000100000000)
  eden space 369664K, 100% used [0x00000000d5580000,0x00000000ebe80000,0x00000000ebe80000)
  from space 30720K, 60% used [0x00000000eed80000,0x00000000effcbbe0,0x00000000f0b80000)
  to   space 39424K, 0% used [0x00000000ebe80000,0x00000000ebe80000,0x00000000ee500000)
 ParOldGen       total 166912K, used 92392K [0x0000000080000000, 0x000000008a300000, 0x00000000d5580000)
  object space 166912K, 55% used [0x0000000080000000,0x0000000085a3a280,0x000000008a300000)
 Metaspace       used 95645K, capacity 100494K, committed 100776K, reserved 1136640K
  class space    used 12536K, capacity 13449K, committed 13480K, reserved 1048576K
Event: 2484.625 GC heap after
Heap after GC invocations=23 (full 4):
 PSYoungGen      total 409088K, used 11733K [0x00000000d5580000, 0x00000000f5800000, 0x0000000100000000)
  eden space 369664K, 0% used [0x00000000d5580000,0x00000000d5580000,0x00000000ebe80000)
  from space 39424K, 29% used [0x00000000ebe80000,0x00000000ec9f55d0,0x00000000ee500000)
  to   space 37888K, 0% used [0x00000000f3300000,0x00000000f3300000,0x00000000f5800000)
 ParOldGen       total 166912K, used 95687K [0x0000000080000000, 0x000000008a300000, 0x00000000d5580000)
  object space 166912K, 57% used [0x0000000080000000,0x0000000085d71e38,0x000000008a300000)
 Metaspace       used 95645K, capacity 100494K, committed 100776K, reserved 1136640K
  class space    used 12536K, capacity 13449K, committed 13480K, reserved 1048576K
}
Event: 2765.984 GC heap before
{Heap before GC invocations=24 (full 4):
 PSYoungGen      total 409088K, used 381397K [0x00000000d5580000, 0x00000000f5800000, 0x0000000100000000)
  eden space 369664K, 100% used [0x00000000d5580000,0x00000000ebe80000,0x00000000ebe80000)
  from space 39424K, 29% used [0x00000000ebe80000,0x00000000ec9f55d0,0x00000000ee500000)
  to   space 37888K, 0% used [0x00000000f3300000,0x00000000f3300000,0x00000000f5800000)
 ParOldGen       total 166912K, used 95687K [0x0000000080000000, 0x000000008a300000, 0x00000000d5580000)
  object space 166912K, 57% used [0x0000000080000000,0x0000000085d71e38,0x000000008a300000)
 Metaspace       used 96488K, capacity 101792K, committed 101928K, reserved 1138688K
  class space    used 12595K, capacity 13554K, committed 13608K, reserved 1048576K
Event: 2766.226 GC heap after
Heap after GC invocations=24 (full 4):
 PSYoungGen      total 468480K, used 5424K [0x00000000d5580000, 0x00000000f4d80000, 0x0000000100000000)
  eden space 441344K, 0% used [0x00000000d5580000,0x00000000d5580000,0x00000000f0480000)
  from space 27136K, 19% used [0x00000000f3300000,0x00000000f384c030,0x00000000f4d80000)
  to   space 37376K, 0% used [0x00000000f0480000,0x00000000f0480000,0x00000000f2900000)
 ParOldGen       total 166912K, used 96205K [0x0000000080000000, 0x000000008a300000, 0x00000000d5580000)
  object space 166912K, 57% used [0x0000000080000000,0x0000000085df3438,0x000000008a300000)
 Metaspace       used 96488K, capacity 101792K, committed 101928K, reserved 1138688K
  class space    used 12595K, capacity 13554K, committed 13608K, reserved 1048576K
}
Event: 3233.448 GC heap before
{Heap before GC invocations=25 (full 4):
 PSYoungGen      total 468480K, used 446768K [0x00000000d5580000, 0x00000000f4d80000, 0x0000000100000000)
  eden space 441344K, 100% used [0x00000000d5580000,0x00000000f0480000,0x00000000f0480000)
  from space 27136K, 19% used [0x00000000f3300000,0x00000000f384c030,0x00000000f4d80000)
  to   space 37376K, 0% used [0x00000000f0480000,0x00000000f0480000,0x00000000f2900000)
 ParOldGen       total 166912K, used 96205K [0x0000000080000000, 0x000000008a300000, 0x00000000d5580000)
  object space 166912K, 57% used [0x0000000080000000,0x0000000085df3438,0x000000008a300000)
 Metaspace       used 97473K, capacity 103678K, committed 103976K, reserved 1138688K
  class space    used 12731K, capacity 13803K, committed 13864K, reserved 1048576K
Event: 3233.702 GC heap after
Heap after GC invocations=25 (full 4):
 PSYoungGen      total 478720K, used 4800K [0x00000000d5580000, 0x00000000f9480000, 0x0000000100000000)
  eden space 441344K, 0% used [0x00000000d5580000,0x00000000d5580000,0x00000000f0480000)
  from space 37376K, 12% used [0x00000000f0480000,0x00000000f0930000,0x00000000f2900000)
  to   space 36864K, 0% used [0x00000000f7080000,0x00000000f7080000,0x00000000f9480000)
 ParOldGen       total 166912K, used 96874K [0x0000000080000000, 0x000000008a300000, 0x00000000d5580000)
  object space 166912K, 58% used [0x0000000080000000,0x0000000085e9aa48,0x000000008a300000)
 Metaspace       used 97473K, capacity 103678K, committed 103976K, reserved 1138688K
  class space    used 12731K, capacity 13803K, committed 13864K, reserved 1048576K
}
Event: 3704.264 GC heap before
{Heap before GC invocations=26 (full 4):
 PSYoungGen      total 478720K, used 446144K [0x00000000d5580000, 0x00000000f9480000, 0x0000000100000000)
  eden space 441344K, 100% used [0x00000000d5580000,0x00000000f0480000,0x00000000f0480000)
  from space 37376K, 12% used [0x00000000f0480000,0x00000000f0930000,0x00000000f2900000)
  to   space 36864K, 0% used [0x00000000f7080000,0x00000000f7080000,0x00000000f9480000)
 ParOldGen       total 166912K, used 96874K [0x0000000080000000, 0x000000008a300000, 0x00000000d5580000)
  object space 166912K, 58% used [0x0000000080000000,0x0000000085e9aa48,0x000000008a300000)
 Metaspace       used 97820K, capacity 104018K, committed 104232K, reserved 1140736K
  class space    used 12734K, capacity 13805K, committed 13864K, reserved 1048576K
Event: 3704.576 GC heap after
Heap after GC invocations=26 (full 4):
 PSYoungGen      total 529408K, used 3168K [0x00000000d5580000, 0x00000000f8900000, 0x0000000100000000)
  eden space 504320K, 0% used [0x00000000d5580000,0x00000000d5580000,0x00000000f4200000)
  from space 25088K, 12% used [0x00000000f7080000,0x00000000f7398000,0x00000000f8900000)
  to   space 36352K, 0% used [0x00000000f4200000,0x00000000f4200000,0x00000000f6580000)
 ParOldGen       total 166912K, used 96882K [0x0000000080000000, 0x000000008a300000, 0x00000000d5580000)
  object space 166912K, 58% used [0x0000000080000000,0x0000000085e9ca48,0x000000008a300000)
 Metaspace       used 97820K, capacity 104018K, committed 104232K, reserved 1140736K
  class space    used 12734K, capacity 13805K, committed 13864K, reserved 1048576K
}
Event: 4124.500 GC heap before
{Heap before GC invocations=27 (full 4):
 PSYoungGen      total 529408K, used 507488K [0x00000000d5580000, 0x00000000f8900000, 0x0000000100000000)
  eden space 504320K, 100% used [0x00000000d5580000,0x00000000f4200000,0x00000000f4200000)
  from space 25088K, 12% used [0x00000000f7080000,0x00000000f7398000,0x00000000f8900000)
  to   space 36352K, 0% used [0x00000000f4200000,0x00000000f4200000,0x00000000f6580000)
 ParOldGen       total 166912K, used 96882K [0x0000000080000000, 0x000000008a300000, 0x00000000d5580000)
  object space 166912K, 58% used [0x0000000080000000,0x0000000085e9ca48,0x000000008a300000)
 Metaspace       used 99462K, capacity 107418K, committed 107560K, reserved 1142784K
  class space    used 13021K, capacity 14337K, committed 14376K, reserved 1048576K
Event: 4124.961 GC heap after
Heap after GC invocations=27 (full 4):
 PSYoungGen      total 540672K, used 6032K [0x00000000d5580000, 0x00000000fc200000, 0x0000000100000000)
  eden space 504320K, 0% used [0x00000000d5580000,0x00000000d5580000,0x00000000f4200000)
  from space 36352K, 16% used [0x00000000f4200000,0x00000000f47e4010,0x00000000f6580000)
  to   space 34816K, 0% used [0x00000000fa000000,0x00000000fa000000,0x00000000fc200000)
 ParOldGen       total 166912K, used 96890K [0x0000000080000000, 0x000000008a300000, 0x00000000d5580000)
  object space 166912K, 58% used [0x0000000080000000,0x0000000085e9ea48,0x000000008a300000)
 Metaspace       used 99462K, capacity 107418K, committed 107560K, reserved 1142784K
  class space    used 13021K, capacity 14337K, committed 14376K, reserved 1048576K
}

Deoptimization events (10 events):
Event: 3704.694 Thread 0x000000001eec0000 Uncommon trap: reason=null_check action=make_not_entrant pc=0x000000000365ff70 method=java.lang.ThreadLocal$ThreadLocalMap.getEntryAfterMiss(Ljava/lang/ThreadLocal;ILjava/lang/ThreadLocal$ThreadLocalMap$Entry;)Ljava/lang/ThreadLocal$ThreadLocalMap$Entry; 
Event: 3704.695 Thread 0x000000001eec0000 Uncommon trap: reason=null_check action=make_not_entrant pc=0x0000000003427554 method=java.lang.ThreadLocal$ThreadLocalMap.getEntryAfterMiss(Ljava/lang/ThreadLocal;ILjava/lang/ThreadLocal$ThreadLocalMap$Entry;)Ljava/lang/ThreadLocal$ThreadLocalMap$Entry; 
Event: 3704.852 Thread 0x000000001eec0000 Uncommon trap: reason=null_check action=make_not_entrant pc=0x0000000004666de0 method=java.lang.ThreadLocal$ThreadLocalMap.getEntryAfterMiss(Ljava/lang/ThreadLocal;ILjava/lang/ThreadLocal$ThreadLocalMap$Entry;)Ljava/lang/ThreadLocal$ThreadLocalMap$Entry; 
Event: 4126.057 Thread 0x000000001b186800 Uncommon trap: reason=bimorphic action=maybe_recompile pc=0x000000000411a7c4 method=java.util.HashMap.removeNode(ILjava/lang/Object;Ljava/lang/Object;ZZ)Ljava/util/HashMap$Node; @ 143
Event: 4238.371 Thread 0x000000001e13d800 Uncommon trap: reason=unstable_if action=reinterpret pc=0x00000000062c7b2c method=java.util.concurrent.SynchronousQueue$TransferStack$SNode.tryMatch(Ljava/util/concurrent/SynchronousQueue$TransferStack$SNode;)Z @ 28
Event: 4238.371 Thread 0x000000001eec3000 Uncommon trap: reason=unstable_if action=reinterpret pc=0x00000000062c7b9c method=java.util.concurrent.SynchronousQueue$TransferStack.isFulfilling(I)Z @ 3
Event: 4238.924 Thread 0x000000001eec3000 Uncommon trap: reason=null_check action=make_not_entrant pc=0x00000000064f5b88 method=org.gradle.api.internal.tasks.properties.bean.AbstractNestedRuntimeBeanNode$BeanPropertyValue.isProvider()Z @ 9
Event: 4239.259 Thread 0x000000001eec9800 Uncommon trap: reason=unstable_if action=reinterpret pc=0x0000000003fca464 method=java.util.concurrent.ConcurrentHashMap.addCount(JI)V @ 168
Event: 4239.287 Thread 0x000000001eec3000 Uncommon trap: reason=unstable_if action=reinterpret pc=0x0000000003f796ec method=java.util.concurrent.ConcurrentHashMap.addCount(JI)V @ 168
Event: 4319.999 Thread 0x000000001eebe800 Uncommon trap: reason=null_check action=make_not_entrant pc=0x00000000065d1b6c method=org.gradle.api.internal.tasks.properties.bean.AbstractNestedRuntimeBeanNode$BeanPropertyValue.isBuildable()Z @ 9

Classes redefined (0 events):
No events

Internal exceptions (10 events):
Event: 4250.759 Thread 0x000000001eec3000 Exception <a 'sun/nio/fs/WindowsException'> (0x00000000e0d78d00) thrown at [C:\src\AOSP-openjdk-git\hotspot\src\share\vm\prims\jni.cpp, line 710]
Event: 4251.765 Thread 0x000000001eec2000 Exception <a 'sun/nio/fs/WindowsException'> (0x00000000e3f919a0) thrown at [C:\src\AOSP-openjdk-git\hotspot\src\share\vm\prims\jni.cpp, line 710]
Event: 4251.765 Thread 0x000000001eec2000 Exception <a 'sun/nio/fs/WindowsException'> (0x00000000e3f926a0) thrown at [C:\src\AOSP-openjdk-git\hotspot\src\share\vm\prims\jni.cpp, line 710]
Event: 4251.766 Thread 0x000000001eec2000 Exception <a 'sun/nio/fs/WindowsException'> (0x00000000e3f96398) thrown at [C:\src\AOSP-openjdk-git\hotspot\src\share\vm\prims\jni.cpp, line 710]
Event: 4251.766 Thread 0x000000001eec2000 Exception <a 'sun/nio/fs/WindowsException'> (0x00000000e3f970e0) thrown at [C:\src\AOSP-openjdk-git\hotspot\src\share\vm\prims\jni.cpp, line 710]
Event: 4251.766 Thread 0x000000001eec2000 Exception <a 'sun/nio/fs/WindowsException'> (0x00000000e3f98fd0) thrown at [C:\src\AOSP-openjdk-git\hotspot\src\share\vm\prims\jni.cpp, line 710]
Event: 4251.766 Thread 0x000000001eec2000 Exception <a 'sun/nio/fs/WindowsException'> (0x00000000e3f99d28) thrown at [C:\src\AOSP-openjdk-git\hotspot\src\share\vm\prims\jni.cpp, line 710]
Event: 4252.252 Thread 0x000000001eec4800 Exception <a 'sun/nio/fs/WindowsException'> (0x00000000e52472f8) thrown at [C:\src\AOSP-openjdk-git\hotspot\src\share\vm\prims\jni.cpp, line 710]
Event: 4252.252 Thread 0x000000001eec4800 Exception <a 'sun/nio/fs/WindowsException'> (0x00000000e5248028) thrown at [C:\src\AOSP-openjdk-git\hotspot\src\share\vm\prims\jni.cpp, line 710]
Event: 4319.846 Thread 0x000000001eebe800 Exception <a 'sun/nio/fs/WindowsException'> (0x00000000e7c593e0) thrown at [C:\src\AOSP-openjdk-git\hotspot\src\share\vm\prims\jni.cpp, line 710]

Events (10 events):
Event: 4320.465 Thread 0x0000000018dc8800 flushing nmethod 0x0000000004d09f50
Event: 4320.473 Thread 0x0000000018dc8800 flushing nmethod 0x0000000005931c90
Event: 4320.522 Executing VM operation: RevokeBias
Event: 4320.529 Executing VM operation: RevokeBias done
Event: 4320.529 Executing VM operation: RevokeBias
Event: 4320.529 Executing VM operation: RevokeBias done
Event: 4320.530 Executing VM operation: RevokeBias
Event: 4320.530 Executing VM operation: RevokeBias done
Event: 4321.260 Executing VM operation: RevokeBias
Event: 4321.260 Executing VM operation: RevokeBias done


Dynamic libraries:
0x00007ff6efff0000 - 0x00007ff6f0021000 	C:\Program Files\Android\Android Studio\jre\bin\java.exe
0x00007ffeaecd0000 - 0x00007ffeaeec5000 	C:\WINDOWS\SYSTEM32\ntdll.dll
0x00007ffeae120000 - 0x00007ffeae1dd000 	C:\WINDOWS\System32\KERNEL32.DLL
0x00007ffeac640000 - 0x00007ffeac908000 	C:\WINDOWS\System32\KERNELBASE.dll
0x00007ffeacd30000 - 0x00007ffeacddc000 	C:\WINDOWS\System32\ADVAPI32.dll
0x00007ffeadd20000 - 0x00007ffeaddbe000 	C:\WINDOWS\System32\msvcrt.dll
0x00007ffeae440000 - 0x00007ffeae4db000 	C:\WINDOWS\System32\sechost.dll
0x00007ffeaeb30000 - 0x00007ffeaec5b000 	C:\WINDOWS\System32\RPCRT4.dll
0x00007ffeae720000 - 0x00007ffeae8c0000 	C:\WINDOWS\System32\USER32.dll
0x00007ffeac910000 - 0x00007ffeac932000 	C:\WINDOWS\System32\win32u.dll
0x00007ffeacd00000 - 0x00007ffeacd2a000 	C:\WINDOWS\System32\GDI32.dll
0x00007ffeacbf0000 - 0x00007ffeaccfb000 	C:\WINDOWS\System32\gdi32full.dll
0x00007ffeacaa0000 - 0x00007ffeacb3d000 	C:\WINDOWS\System32\msvcp_win.dll
0x00007ffeac3e0000 - 0x00007ffeac4e0000 	C:\WINDOWS\System32\ucrtbase.dll
0x00007ffe9d240000 - 0x00007ffe9d4da000 	C:\WINDOWS\WinSxS\amd64_microsoft.windows.common-controls_6595b64144ccf1df_6.0.19041.844_none_ca00b6081b84eb1d\COMCTL32.dll
0x00007ffeace40000 - 0x00007ffeace70000 	C:\WINDOWS\System32\IMM32.DLL
0x000000006b520000 - 0x000000006b5f2000 	C:\Program Files\Android\Android Studio\jre\jre\bin\msvcr100.dll
0x000000006dcc0000 - 0x000000006e50b000 	C:\Program Files\Android\Android Studio\jre\jre\bin\server\jvm.dll
0x00007ffeae5e0000 - 0x00007ffeae5e8000 	C:\WINDOWS\System32\PSAPI.DLL
0x00007ffe9ac90000 - 0x00007ffe9ac99000 	C:\WINDOWS\SYSTEM32\WSOCK32.dll
0x00007ffeae3d0000 - 0x00007ffeae43b000 	C:\WINDOWS\System32\WS2_32.dll
0x00007ffe9dff0000 - 0x00007ffe9e017000 	C:\WINDOWS\SYSTEM32\WINMM.dll
0x00007ffea5460000 - 0x00007ffea546a000 	C:\WINDOWS\SYSTEM32\VERSION.dll
0x00007ffe9b360000 - 0x00007ffe9b36f000 	C:\Program Files\Android\Android Studio\jre\jre\bin\verify.dll
0x00007ffe9b2d0000 - 0x00007ffe9b2f9000 	C:\Program Files\Android\Android Studio\jre\jre\bin\java.dll
0x00007ffe85aa0000 - 0x00007ffe85ab6000 	C:\Program Files\Android\Android Studio\jre\jre\bin\zip.dll
0x00007ffead490000 - 0x00007ffeadbd2000 	C:\WINDOWS\System32\SHELL32.dll
0x00007ffeaa510000 - 0x00007ffeaaca0000 	C:\WINDOWS\SYSTEM32\windows.storage.dll
0x00007ffeaddc0000 - 0x00007ffeae115000 	C:\WINDOWS\System32\combase.dll
0x00007ffeabe50000 - 0x00007ffeabe7c000 	C:\WINDOWS\SYSTEM32\Wldp.dll
0x00007ffeae9a0000 - 0x00007ffeaea4e000 	C:\WINDOWS\System32\SHCORE.dll
0x00007ffeacde0000 - 0x00007ffeace35000 	C:\WINDOWS\System32\shlwapi.dll
0x00007ffeac320000 - 0x00007ffeac33f000 	C:\WINDOWS\SYSTEM32\profapi.dll
0x00007ffe9b2b0000 - 0x00007ffe9b2ca000 	C:\Program Files\Android\Android Studio\jre\jre\bin\net.dll
0x00007ffeabb50000 - 0x00007ffeabbba000 	C:\WINDOWS\system32\mswsock.dll
0x00007ffe88970000 - 0x00007ffe88983000 	C:\Program Files\Android\Android Studio\jre\jre\bin\nio.dll
0x00007ffe88940000 - 0x00007ffe88967000 	C:\Users\sshch_6pmzvii\.gradle\native\f6784746aeab05261644944871eae4fe03e0ef1612fff0a4a95f87b438bc6780\windows-amd64\native-platform.dll
0x00007ffea0950000 - 0x00007ffea095d000 	C:\Program Files\Android\Android Studio\jre\jre\bin\management.dll
0x00007ffeabd40000 - 0x00007ffeabd58000 	C:\WINDOWS\SYSTEM32\CRYPTSP.dll
0x00007ffeab490000 - 0x00007ffeab4c4000 	C:\WINDOWS\system32\rsaenh.dll
0x00007ffeac940000 - 0x00007ffeac967000 	C:\WINDOWS\System32\bcrypt.dll
0x00007ffeac2a0000 - 0x00007ffeac2ce000 	C:\WINDOWS\SYSTEM32\USERENV.dll
0x00007ffeac970000 - 0x00007ffeac9f0000 	C:\WINDOWS\System32\bcryptprimitives.dll
0x00007ffeabd60000 - 0x00007ffeabd6c000 	C:\WINDOWS\SYSTEM32\CRYPTBASE.dll
0x00007ffeab840000 - 0x00007ffeab87b000 	C:\WINDOWS\SYSTEM32\IPHLPAPI.DLL
0x00007ffeadbe0000 - 0x00007ffeadbe8000 	C:\WINDOWS\System32\NSI.dll
0x00007ffea5440000 - 0x00007ffea5457000 	C:\WINDOWS\SYSTEM32\dhcpcsvc6.DLL
0x00007ffea5420000 - 0x00007ffea543d000 	C:\WINDOWS\SYSTEM32\dhcpcsvc.DLL
0x00007ffeab880000 - 0x00007ffeab94c000 	C:\WINDOWS\SYSTEM32\DNSAPI.dll
0x00007ffea48b0000 - 0x00007ffea48bb000 	C:\WINDOWS\SYSTEM32\WINNSI.DLL
0x00007ffea9ad0000 - 0x00007ffea9b60000 	C:\WINDOWS\system32\apphelp.dll

VM Arguments:
jvm_args: -Xmx2048m -Dfile.encoding=UTF-8 -Duser.country=RU -Duser.language=ru -Duser.variant 
java_command: org.gradle.launcher.daemon.bootstrap.GradleDaemon 6.5
java_class_path (initial): C:\Users\sshch_6pmzvii\.gradle\wrapper\dists\gradle-6.5-bin\6nifqtx7604sqp1q6g8wikw7p\gradle-6.5\lib\gradle-launcher-6.5.jar
Launcher Type: SUN_STANDARD

Environment Variables:
PATH=C:\Program Files\Common Files\Oracle\Java\javapath;C:\Program Files\Microsoft MPI\Bin\;C:\ProgramData\Oracle\Java\javapath;C:\Program Files (x86)\Intel\iCLS Client\;C:\Program Files\Intel\iCLS Client\;C:\WINDOWS\system32;C:\WINDOWS;C:\WINDOWS\System32\Wbem;C:\WINDOWS\System32\WindowsPowerShell\v1.0\;C:\Program Files (x86)\Windows Live\Shared;C:\Program Files (x86)\Intel\OpenCL SDK\2.0\bin\x86;C:\Program Files (x86)\Intel\OpenCL SDK\2.0\bin\x64;C:\Program Files\Intel\WiFi\bin\;C:\Program Files\Common Files\Intel\WirelessCommon\;C:\Program Files\Intel\Intel(R) Management Engine Components\DAL;C:\Program Files\Intel\Intel(R) Management Engine Components\IPT;C:\Program Files (x86)\Intel\Intel(R) Management Engine Components\DAL;C:\Program Files (x86)\Intel\Intel(R) Management Engine Components\IPT;C:\Program Files\Diskeeper Corporation\ExpressCache\;C:\Program Files (x86)\NVIDIA Corporation\PhysX\Common;C:\Program Files (x86)\QuickTime\QTSystem\;C:\Program Files (x86)\Common Files\Acronis\SnapAPI\;C:\Program Files (x86)\IVI Foundation\VISA\WinNT\Bin;C:\WINDOWS\System32\OpenSSH\;C:\Program Files\NVIDIA Corporation\NVIDIA NvDLISR;C:\WINDOWS\system32;C:\WINDOWS;C:\WINDOWS\System32\Wbem;C:\WINDOWS\System32\WindowsPowerShell\v1.0\;C:\WINDOWS\System32\OpenSSH\;C:\Program Files (x86)\Microsoft SQL Server\150\Tools\Binn\;C:\Program Files\Microsoft SQL Server\150\Tools\Binn\;C:\Program Files (x86)\Microsoft SQL Server\150\DTS\Binn\;C:\Program Files\Microsoft SQL Server\150\DTS\Binn\;C:\Program Files\Microsoft SQL Server\Client SDK\ODBC\170\Tools\Binn\;C:\Program Files (x86)\IVI Foundation\VISA\WinNT\Bin\;C:\Program Files\IVI Foundation\VISA\Win64\Bin\;C:\Program Files\MATLAB\R2020b\bin;C:\Users\sshch_6pmzvii\AppData\Local\Programs\Python\Launcher\;C:\Users\sshch_6pmzvii\AppData\Local\Microsoft\WindowsApps;C:\Users\sshch_6pmzvii\AppData\Local\Programs\Git\cmd;C:\Program Files (x86)\Common Files\Acronis\TibMounter64
USERNAME=sshch_6pmzvii
OS=Windows_NT
PROCESSOR_IDENTIFIER=Intel64 Family 6 Model 58 Stepping 9, GenuineIntel



---------------  S Y S T E M  ---------------

OS: Windows 10.0 , 64 bit Build 19041 (10.0.19041.928)

CPU:total 4 (initial active 4) (2 cores per cpu, 2 threads per core) family 6 model 58 stepping 9, cmov, cx8, fxsr, mmx, sse, sse2, sse3, ssse3, sse4.1, sse4.2, popcnt, avx, aes, clmul, erms, ht, tsc, tscinvbit, tscinv

Memory: 4k page, physical 6174196k(323872k free), swap 12465652k(6236k free)

vm_info: OpenJDK 64-Bit Server VM (25.242-b01) for windows-amd64 JRE (1.8.0_242-release-1644-b01), built by "builder" with MS VC++ 10.0 (VS2010)

time: Wed May 19 01:01:06 2021
timezone: RTZ 2 (зима)
elapsed time: 4321 seconds (0d 1h 12m 1s)

