The target system is: Android - 1 - x86_64
The host system is: Linux - 5.8.0-44-generic - x86_64
Detecting C compiler ABI info compiled with the following output:
Change Dir: /home/sshchesnyak/Documents/Android-projects/libs/mbedtls/build-64/x86_64/CMakeFiles/CMakeTmp

Run Build Command(s):/usr/bin/make cmTC_48162/fast && /usr/bin/make  -f CMakeFiles/cmTC_48162.dir/build.make CMakeFiles/cmTC_48162.dir/build
make[1]: Entering directory '/home/sshchesnyak/Documents/Android-projects/libs/mbedtls/build-64/x86_64/CMakeFiles/CMakeTmp'
Building C object CMakeFiles/cmTC_48162.dir/CMakeCCompilerABI.c.o
/home/sshchesnyak/Android/Sdk/ndk/23.0.7123448/toolchains/llvm/prebuilt/linux-x86_64/bin/clang --target=x86_64-none-linux-android21 --gcc-toolchain=/home/sshchesnyak/Android/Sdk/ndk/23.0.7123448/toolchains/llvm/prebuilt/linux-x86_64 --sysroot=/home/sshchesnyak/Android/Sdk/ndk/23.0.7123448/toolchains/llvm/prebuilt/linux-x86_64/sysroot   -g -DANDROID -fdata-sections -ffunction-sections -funwind-tables -fstack-protector-strong -no-canonical-prefixes -D_FORTIFY_SOURCE=2 -Wformat   -fPIE   -v -o CMakeFiles/cmTC_48162.dir/CMakeCCompilerABI.c.o -c /home/sshchesnyak/Android/Sdk/cmake/3.18.1/share/cmake-3.18/Modules/CMakeCCompilerABI.c
Android (6875598, based on r399163b) clang version 11.0.5 (https://android.googlesource.com/toolchain/llvm-project 87f1315dfbea7c137aa2e6d362dbb457e388158d)
Target: x86_64-none-linux-android21
Thread model: posix
InstalledDir: /home/sshchesnyak/Android/Sdk/ndk/23.0.7123448/toolchains/llvm/prebuilt/linux-x86_64/bin
Found candidate GCC installation: /home/sshchesnyak/Android/Sdk/ndk/23.0.7123448/toolchains/llvm/prebuilt/linux-x86_64/lib/gcc/i686-linux-android/4.9.x
Found candidate GCC installation: /home/sshchesnyak/Android/Sdk/ndk/23.0.7123448/toolchains/llvm/prebuilt/linux-x86_64/lib/gcc/x86_64-linux-android/4.9.x
Selected GCC installation: /home/sshchesnyak/Android/Sdk/ndk/23.0.7123448/toolchains/llvm/prebuilt/linux-x86_64/lib/gcc/x86_64-linux-android/4.9.x
Candidate multilib: .;@m64
Selected multilib: .;@m64
 (in-process)
 "/home/sshchesnyak/Android/Sdk/ndk/23.0.7123448/toolchains/llvm/prebuilt/linux-x86_64/bin/clang" -cc1 -triple x86_64-none-linux-android21 -emit-obj -mrelax-all -mnoexecstack -disable-free -disable-llvm-verifier -discard-value-names -main-file-name CMakeCCompilerABI.c -mrelocation-model pic -pic-level 2 -pic-is-pie -mframe-pointer=all -fno-rounding-math -mconstructor-aliases -munwind-tables -target-cpu x86-64 -target-feature +sse4.2 -target-feature +popcnt -target-feature +cx16 -fno-split-dwarf-inlining -debug-info-kind=limited -dwarf-version=4 -debugger-tuning=gdb -v -ffunction-sections -fdata-sections -resource-dir /home/sshchesnyak/Android/Sdk/ndk/23.0.7123448/toolchains/llvm/prebuilt/linux-x86_64/lib64/clang/11.0.5 -D ANDROID -D _FORTIFY_SOURCE=2 -isysroot /home/sshchesnyak/Android/Sdk/ndk/23.0.7123448/toolchains/llvm/prebuilt/linux-x86_64/sysroot -internal-isystem /home/sshchesnyak/Android/Sdk/ndk/23.0.7123448/toolchains/llvm/prebuilt/linux-x86_64/sysroot/usr/local/include -internal-isystem /home/sshchesnyak/Android/Sdk/ndk/23.0.7123448/toolchains/llvm/prebuilt/linux-x86_64/lib64/clang/11.0.5/include -internal-externc-isystem /home/sshchesnyak/Android/Sdk/ndk/23.0.7123448/toolchains/llvm/prebuilt/linux-x86_64/sysroot/usr/include/x86_64-linux-android -internal-externc-isystem /home/sshchesnyak/Android/Sdk/ndk/23.0.7123448/toolchains/llvm/prebuilt/linux-x86_64/sysroot/include -internal-externc-isystem /home/sshchesnyak/Android/Sdk/ndk/23.0.7123448/toolchains/llvm/prebuilt/linux-x86_64/sysroot/usr/include -Wformat -fdebug-compilation-dir /home/sshchesnyak/Documents/Android-projects/libs/mbedtls/build-64/x86_64/CMakeFiles/CMakeTmp -ferror-limit 19 -stack-protector 2 -fgnuc-version=4.2.1 -o CMakeFiles/cmTC_48162.dir/CMakeCCompilerABI.c.o -x c /home/sshchesnyak/Android/Sdk/cmake/3.18.1/share/cmake-3.18/Modules/CMakeCCompilerABI.c
clang -cc1 version 11.0.5 based upon LLVM 11.0.5git default target x86_64-unknown-linux-gnu
ignoring nonexistent directory "/home/sshchesnyak/Android/Sdk/ndk/23.0.7123448/toolchains/llvm/prebuilt/linux-x86_64/sysroot/include"
#include "..." search starts here:
#include <...> search starts here:
 /home/sshchesnyak/Android/Sdk/ndk/23.0.7123448/toolchains/llvm/prebuilt/linux-x86_64/sysroot/usr/local/include
 /home/sshchesnyak/Android/Sdk/ndk/23.0.7123448/toolchains/llvm/prebuilt/linux-x86_64/lib64/clang/11.0.5/include
 /home/sshchesnyak/Android/Sdk/ndk/23.0.7123448/toolchains/llvm/prebuilt/linux-x86_64/sysroot/usr/include/x86_64-linux-android
 /home/sshchesnyak/Android/Sdk/ndk/23.0.7123448/toolchains/llvm/prebuilt/linux-x86_64/sysroot/usr/include
End of search list.
Linking C executable cmTC_48162
/home/sshchesnyak/Android/Sdk/cmake/3.18.1/bin/cmake -E cmake_link_script CMakeFiles/cmTC_48162.dir/link.txt --verbose=1
/home/sshchesnyak/Android/Sdk/ndk/23.0.7123448/toolchains/llvm/prebuilt/linux-x86_64/bin/clang --target=x86_64-none-linux-android21 --gcc-toolchain=/home/sshchesnyak/Android/Sdk/ndk/23.0.7123448/toolchains/llvm/prebuilt/linux-x86_64 --sysroot=/home/sshchesnyak/Android/Sdk/ndk/23.0.7123448/toolchains/llvm/prebuilt/linux-x86_64/sysroot -g -DANDROID -fdata-sections -ffunction-sections -funwind-tables -fstack-protector-strong -no-canonical-prefixes -D_FORTIFY_SOURCE=2 -Wformat   -Wl,--exclude-libs,libgcc.a -Wl,--exclude-libs,libgcc_real.a -Wl,--exclude-libs,libatomic.a -static-libstdc++ -Wl,--build-id=sha1 -Wl,--no-rosegment -Wl,--fatal-warnings -Wl,--no-undefined -Qunused-arguments -Wl,--gc-sections  -v CMakeFiles/cmTC_48162.dir/CMakeCCompilerABI.c.o -o cmTC_48162 
Android (6875598, based on r399163b) clang version 11.0.5 (https://android.googlesource.com/toolchain/llvm-project 87f1315dfbea7c137aa2e6d362dbb457e388158d)
Target: x86_64-none-linux-android21
Thread model: posix
InstalledDir: /home/sshchesnyak/Android/Sdk/ndk/23.0.7123448/toolchains/llvm/prebuilt/linux-x86_64/bin
Found candidate GCC installation: /home/sshchesnyak/Android/Sdk/ndk/23.0.7123448/toolchains/llvm/prebuilt/linux-x86_64/lib/gcc/i686-linux-android/4.9.x
Found candidate GCC installation: /home/sshchesnyak/Android/Sdk/ndk/23.0.7123448/toolchains/llvm/prebuilt/linux-x86_64/lib/gcc/x86_64-linux-android/4.9.x
Selected GCC installation: /home/sshchesnyak/Android/Sdk/ndk/23.0.7123448/toolchains/llvm/prebuilt/linux-x86_64/lib/gcc/x86_64-linux-android/4.9.x
Candidate multilib: .;@m64
Selected multilib: .;@m64
 "/home/sshchesnyak/Android/Sdk/ndk/23.0.7123448/toolchains/llvm/prebuilt/linux-x86_64/bin/ld" --sysroot=/home/sshchesnyak/Android/Sdk/ndk/23.0.7123448/toolchains/llvm/prebuilt/linux-x86_64/sysroot -pie -z noexecstack --warn-shared-textrel -z now -z relro --hash-style=gnu --hash-style=both --enable-new-dtags --eh-frame-hdr -m elf_x86_64 -dynamic-linker /system/bin/linker64 -o cmTC_48162 /home/sshchesnyak/Android/Sdk/ndk/23.0.7123448/toolchains/llvm/prebuilt/linux-x86_64/sysroot/usr/lib/x86_64-linux-android/21/crtbegin_dynamic.o -L/home/sshchesnyak/Android/Sdk/ndk/23.0.7123448/toolchains/llvm/prebuilt/linux-x86_64/lib64/clang/11.0.5/lib/linux/x86_64 -L/home/sshchesnyak/Android/Sdk/ndk/23.0.7123448/toolchains/llvm/prebuilt/linux-x86_64/lib/gcc/x86_64-linux-android/4.9.x -L/home/sshchesnyak/Android/Sdk/ndk/23.0.7123448/toolchains/llvm/prebuilt/linux-x86_64/sysroot/usr/lib/x86_64-linux-android/21 -L/home/sshchesnyak/Android/Sdk/ndk/23.0.7123448/toolchains/llvm/prebuilt/linux-x86_64/sysroot/usr/lib/x86_64-linux-android -L/home/sshchesnyak/Android/Sdk/ndk/23.0.7123448/toolchains/llvm/prebuilt/linux-x86_64/sysroot/usr/lib --exclude-libs libgcc.a --exclude-libs libgcc_real.a --exclude-libs libatomic.a --build-id=sha1 --no-rosegment --fatal-warnings --no-undefined --gc-sections CMakeFiles/cmTC_48162.dir/CMakeCCompilerABI.c.o -lgcc -ldl -lc -lgcc -ldl /home/sshchesnyak/Android/Sdk/ndk/23.0.7123448/toolchains/llvm/prebuilt/linux-x86_64/sysroot/usr/lib/x86_64-linux-android/21/crtend_android.o
make[1]: Leaving directory '/home/sshchesnyak/Documents/Android-projects/libs/mbedtls/build-64/x86_64/CMakeFiles/CMakeTmp'



Parsed C implicit include dir info from above output: rv=done
  found start of include info
  found start of implicit include info
    add: [/home/sshchesnyak/Android/Sdk/ndk/23.0.7123448/toolchains/llvm/prebuilt/linux-x86_64/sysroot/usr/local/include]
    add: [/home/sshchesnyak/Android/Sdk/ndk/23.0.7123448/toolchains/llvm/prebuilt/linux-x86_64/lib64/clang/11.0.5/include]
    add: [/home/sshchesnyak/Android/Sdk/ndk/23.0.7123448/toolchains/llvm/prebuilt/linux-x86_64/sysroot/usr/include/x86_64-linux-android]
    add: [/home/sshchesnyak/Android/Sdk/ndk/23.0.7123448/toolchains/llvm/prebuilt/linux-x86_64/sysroot/usr/include]
  end of search list found
  collapse include dir [/home/sshchesnyak/Android/Sdk/ndk/23.0.7123448/toolchains/llvm/prebuilt/linux-x86_64/sysroot/usr/local/include] ==> [/home/sshchesnyak/Android/Sdk/ndk/23.0.7123448/toolchains/llvm/prebuilt/linux-x86_64/sysroot/usr/local/include]
  collapse include dir [/home/sshchesnyak/Android/Sdk/ndk/23.0.7123448/toolchains/llvm/prebuilt/linux-x86_64/lib64/clang/11.0.5/include] ==> [/home/sshchesnyak/Android/Sdk/ndk/23.0.7123448/toolchains/llvm/prebuilt/linux-x86_64/lib64/clang/11.0.5/include]
  collapse include dir [/home/sshchesnyak/Android/Sdk/ndk/23.0.7123448/toolchains/llvm/prebuilt/linux-x86_64/sysroot/usr/include/x86_64-linux-android] ==> [/home/sshchesnyak/Android/Sdk/ndk/23.0.7123448/toolchains/llvm/prebuilt/linux-x86_64/sysroot/usr/include/x86_64-linux-android]
  collapse include dir [/home/sshchesnyak/Android/Sdk/ndk/23.0.7123448/toolchains/llvm/prebuilt/linux-x86_64/sysroot/usr/include] ==> [/home/sshchesnyak/Android/Sdk/ndk/23.0.7123448/toolchains/llvm/prebuilt/linux-x86_64/sysroot/usr/include]
  implicit include dirs: [/home/sshchesnyak/Android/Sdk/ndk/23.0.7123448/toolchains/llvm/prebuilt/linux-x86_64/sysroot/usr/local/include;/home/sshchesnyak/Android/Sdk/ndk/23.0.7123448/toolchains/llvm/prebuilt/linux-x86_64/lib64/clang/11.0.5/include;/home/sshchesnyak/Android/Sdk/ndk/23.0.7123448/toolchains/llvm/prebuilt/linux-x86_64/sysroot/usr/include/x86_64-linux-android;/home/sshchesnyak/Android/Sdk/ndk/23.0.7123448/toolchains/llvm/prebuilt/linux-x86_64/sysroot/usr/include]


Parsed C implicit link information from above output:
  link line regex: [^( *|.*[/\])(ld\.lld|CMAKE_LINK_STARTFILE-NOTFOUND|([^/\]+-)?ld|collect2)[^/\]*( |$)]
  ignore line: [Change Dir: /home/sshchesnyak/Documents/Android-projects/libs/mbedtls/build-64/x86_64/CMakeFiles/CMakeTmp]
  ignore line: []
  ignore line: [Run Build Command(s):/usr/bin/make cmTC_48162/fast && /usr/bin/make  -f CMakeFiles/cmTC_48162.dir/build.make CMakeFiles/cmTC_48162.dir/build]
  ignore line: [make[1]: Entering directory '/home/sshchesnyak/Documents/Android-projects/libs/mbedtls/build-64/x86_64/CMakeFiles/CMakeTmp']
  ignore line: [Building C object CMakeFiles/cmTC_48162.dir/CMakeCCompilerABI.c.o]
  ignore line: [/home/sshchesnyak/Android/Sdk/ndk/23.0.7123448/toolchains/llvm/prebuilt/linux-x86_64/bin/clang --target=x86_64-none-linux-android21 --gcc-toolchain=/home/sshchesnyak/Android/Sdk/ndk/23.0.7123448/toolchains/llvm/prebuilt/linux-x86_64 --sysroot=/home/sshchesnyak/Android/Sdk/ndk/23.0.7123448/toolchains/llvm/prebuilt/linux-x86_64/sysroot   -g -DANDROID -fdata-sections -ffunction-sections -funwind-tables -fstack-protector-strong -no-canonical-prefixes -D_FORTIFY_SOURCE=2 -Wformat   -fPIE   -v -o CMakeFiles/cmTC_48162.dir/CMakeCCompilerABI.c.o -c /home/sshchesnyak/Android/Sdk/cmake/3.18.1/share/cmake-3.18/Modules/CMakeCCompilerABI.c]
  ignore line: [Android (6875598  based on r399163b) clang version 11.0.5 (https://android.googlesource.com/toolchain/llvm-project 87f1315dfbea7c137aa2e6d362dbb457e388158d)]
  ignore line: [Target: x86_64-none-linux-android21]
  ignore line: [Thread model: posix]
  ignore line: [InstalledDir: /home/sshchesnyak/Android/Sdk/ndk/23.0.7123448/toolchains/llvm/prebuilt/linux-x86_64/bin]
  ignore line: [Found candidate GCC installation: /home/sshchesnyak/Android/Sdk/ndk/23.0.7123448/toolchains/llvm/prebuilt/linux-x86_64/lib/gcc/i686-linux-android/4.9.x]
  ignore line: [Found candidate GCC installation: /home/sshchesnyak/Android/Sdk/ndk/23.0.7123448/toolchains/llvm/prebuilt/linux-x86_64/lib/gcc/x86_64-linux-android/4.9.x]
  ignore line: [Selected GCC installation: /home/sshchesnyak/Android/Sdk/ndk/23.0.7123448/toolchains/llvm/prebuilt/linux-x86_64/lib/gcc/x86_64-linux-android/4.9.x]
  ignore line: [Candidate multilib: .]
  ignore line: [@m64]
  ignore line: [Selected multilib: .]
  ignore line: [@m64]
  ignore line: [ (in-process)]
  ignore line: [ "/home/sshchesnyak/Android/Sdk/ndk/23.0.7123448/toolchains/llvm/prebuilt/linux-x86_64/bin/clang" -cc1 -triple x86_64-none-linux-android21 -emit-obj -mrelax-all -mnoexecstack -disable-free -disable-llvm-verifier -discard-value-names -main-file-name CMakeCCompilerABI.c -mrelocation-model pic -pic-level 2 -pic-is-pie -mframe-pointer=all -fno-rounding-math -mconstructor-aliases -munwind-tables -target-cpu x86-64 -target-feature +sse4.2 -target-feature +popcnt -target-feature +cx16 -fno-split-dwarf-inlining -debug-info-kind=limited -dwarf-version=4 -debugger-tuning=gdb -v -ffunction-sections -fdata-sections -resource-dir /home/sshchesnyak/Android/Sdk/ndk/23.0.7123448/toolchains/llvm/prebuilt/linux-x86_64/lib64/clang/11.0.5 -D ANDROID -D _FORTIFY_SOURCE=2 -isysroot /home/sshchesnyak/Android/Sdk/ndk/23.0.7123448/toolchains/llvm/prebuilt/linux-x86_64/sysroot -internal-isystem /home/sshchesnyak/Android/Sdk/ndk/23.0.7123448/toolchains/llvm/prebuilt/linux-x86_64/sysroot/usr/local/include -internal-isystem /home/sshchesnyak/Android/Sdk/ndk/23.0.7123448/toolchains/llvm/prebuilt/linux-x86_64/lib64/clang/11.0.5/include -internal-externc-isystem /home/sshchesnyak/Android/Sdk/ndk/23.0.7123448/toolchains/llvm/prebuilt/linux-x86_64/sysroot/usr/include/x86_64-linux-android -internal-externc-isystem /home/sshchesnyak/Android/Sdk/ndk/23.0.7123448/toolchains/llvm/prebuilt/linux-x86_64/sysroot/include -internal-externc-isystem /home/sshchesnyak/Android/Sdk/ndk/23.0.7123448/toolchains/llvm/prebuilt/linux-x86_64/sysroot/usr/include -Wformat -fdebug-compilation-dir /home/sshchesnyak/Documents/Android-projects/libs/mbedtls/build-64/x86_64/CMakeFiles/CMakeTmp -ferror-limit 19 -stack-protector 2 -fgnuc-version=4.2.1 -o CMakeFiles/cmTC_48162.dir/CMakeCCompilerABI.c.o -x c /home/sshchesnyak/Android/Sdk/cmake/3.18.1/share/cmake-3.18/Modules/CMakeCCompilerABI.c]
  ignore line: [clang -cc1 version 11.0.5 based upon LLVM 11.0.5git default target x86_64-unknown-linux-gnu]
  ignore line: [ignoring nonexistent directory "/home/sshchesnyak/Android/Sdk/ndk/23.0.7123448/toolchains/llvm/prebuilt/linux-x86_64/sysroot/include"]
  ignore line: [#include "..." search starts here:]
  ignore line: [#include <...> search starts here:]
  ignore line: [ /home/sshchesnyak/Android/Sdk/ndk/23.0.7123448/toolchains/llvm/prebuilt/linux-x86_64/sysroot/usr/local/include]
  ignore line: [ /home/sshchesnyak/Android/Sdk/ndk/23.0.7123448/toolchains/llvm/prebuilt/linux-x86_64/lib64/clang/11.0.5/include]
  ignore line: [ /home/sshchesnyak/Android/Sdk/ndk/23.0.7123448/toolchains/llvm/prebuilt/linux-x86_64/sysroot/usr/include/x86_64-linux-android]
  ignore line: [ /home/sshchesnyak/Android/Sdk/ndk/23.0.7123448/toolchains/llvm/prebuilt/linux-x86_64/sysroot/usr/include]
  ignore line: [End of search list.]
  ignore line: [Linking C executable cmTC_48162]
  ignore line: [/home/sshchesnyak/Android/Sdk/cmake/3.18.1/bin/cmake -E cmake_link_script CMakeFiles/cmTC_48162.dir/link.txt --verbose=1]
  ignore line: [/home/sshchesnyak/Android/Sdk/ndk/23.0.7123448/toolchains/llvm/prebuilt/linux-x86_64/bin/clang --target=x86_64-none-linux-android21 --gcc-toolchain=/home/sshchesnyak/Android/Sdk/ndk/23.0.7123448/toolchains/llvm/prebuilt/linux-x86_64 --sysroot=/home/sshchesnyak/Android/Sdk/ndk/23.0.7123448/toolchains/llvm/prebuilt/linux-x86_64/sysroot -g -DANDROID -fdata-sections -ffunction-sections -funwind-tables -fstack-protector-strong -no-canonical-prefixes -D_FORTIFY_SOURCE=2 -Wformat   -Wl --exclude-libs libgcc.a -Wl --exclude-libs libgcc_real.a -Wl --exclude-libs libatomic.a -static-libstdc++ -Wl --build-id=sha1 -Wl --no-rosegment -Wl --fatal-warnings -Wl --no-undefined -Qunused-arguments -Wl --gc-sections  -v CMakeFiles/cmTC_48162.dir/CMakeCCompilerABI.c.o -o cmTC_48162 ]
  ignore line: [Android (6875598  based on r399163b) clang version 11.0.5 (https://android.googlesource.com/toolchain/llvm-project 87f1315dfbea7c137aa2e6d362dbb457e388158d)]
  ignore line: [Target: x86_64-none-linux-android21]
  ignore line: [Thread model: posix]
  ignore line: [InstalledDir: /home/sshchesnyak/Android/Sdk/ndk/23.0.7123448/toolchains/llvm/prebuilt/linux-x86_64/bin]
  ignore line: [Found candidate GCC installation: /home/sshchesnyak/Android/Sdk/ndk/23.0.7123448/toolchains/llvm/prebuilt/linux-x86_64/lib/gcc/i686-linux-android/4.9.x]
  ignore line: [Found candidate GCC installation: /home/sshchesnyak/Android/Sdk/ndk/23.0.7123448/toolchains/llvm/prebuilt/linux-x86_64/lib/gcc/x86_64-linux-android/4.9.x]
  ignore line: [Selected GCC installation: /home/sshchesnyak/Android/Sdk/ndk/23.0.7123448/toolchains/llvm/prebuilt/linux-x86_64/lib/gcc/x86_64-linux-android/4.9.x]
  ignore line: [Candidate multilib: .]
  ignore line: [@m64]
  ignore line: [Selected multilib: .]
  ignore line: [@m64]
  link line: [ "/home/sshchesnyak/Android/Sdk/ndk/23.0.7123448/toolchains/llvm/prebuilt/linux-x86_64/bin/ld" --sysroot=/home/sshchesnyak/Android/Sdk/ndk/23.0.7123448/toolchains/llvm/prebuilt/linux-x86_64/sysroot -pie -z noexecstack --warn-shared-textrel -z now -z relro --hash-style=gnu --hash-style=both --enable-new-dtags --eh-frame-hdr -m elf_x86_64 -dynamic-linker /system/bin/linker64 -o cmTC_48162 /home/sshchesnyak/Android/Sdk/ndk/23.0.7123448/toolchains/llvm/prebuilt/linux-x86_64/sysroot/usr/lib/x86_64-linux-android/21/crtbegin_dynamic.o -L/home/sshchesnyak/Android/Sdk/ndk/23.0.7123448/toolchains/llvm/prebuilt/linux-x86_64/lib64/clang/11.0.5/lib/linux/x86_64 -L/home/sshchesnyak/Android/Sdk/ndk/23.0.7123448/toolchains/llvm/prebuilt/linux-x86_64/lib/gcc/x86_64-linux-android/4.9.x -L/home/sshchesnyak/Android/Sdk/ndk/23.0.7123448/toolchains/llvm/prebuilt/linux-x86_64/sysroot/usr/lib/x86_64-linux-android/21 -L/home/sshchesnyak/Android/Sdk/ndk/23.0.7123448/toolchains/llvm/prebuilt/linux-x86_64/sysroot/usr/lib/x86_64-linux-android -L/home/sshchesnyak/Android/Sdk/ndk/23.0.7123448/toolchains/llvm/prebuilt/linux-x86_64/sysroot/usr/lib --exclude-libs libgcc.a --exclude-libs libgcc_real.a --exclude-libs libatomic.a --build-id=sha1 --no-rosegment --fatal-warnings --no-undefined --gc-sections CMakeFiles/cmTC_48162.dir/CMakeCCompilerABI.c.o -lgcc -ldl -lc -lgcc -ldl /home/sshchesnyak/Android/Sdk/ndk/23.0.7123448/toolchains/llvm/prebuilt/linux-x86_64/sysroot/usr/lib/x86_64-linux-android/21/crtend_android.o]
    arg [/home/sshchesnyak/Android/Sdk/ndk/23.0.7123448/toolchains/llvm/prebuilt/linux-x86_64/bin/ld] ==> ignore
    arg [--sysroot=/home/sshchesnyak/Android/Sdk/ndk/23.0.7123448/toolchains/llvm/prebuilt/linux-x86_64/sysroot] ==> ignore
    arg [-pie] ==> ignore
    arg [-znoexecstack] ==> ignore
    arg [--warn-shared-textrel] ==> ignore
    arg [-znow] ==> ignore
    arg [-zrelro] ==> ignore
    arg [--hash-style=gnu] ==> ignore
    arg [--hash-style=both] ==> ignore
    arg [--enable-new-dtags] ==> ignore
    arg [--eh-frame-hdr] ==> ignore
    arg [-m] ==> ignore
    arg [elf_x86_64] ==> ignore
    arg [-dynamic-linker] ==> ignore
    arg [/system/bin/linker64] ==> ignore
    arg [-o] ==> ignore
    arg [cmTC_48162] ==> ignore
    arg [/home/sshchesnyak/Android/Sdk/ndk/23.0.7123448/toolchains/llvm/prebuilt/linux-x86_64/sysroot/usr/lib/x86_64-linux-android/21/crtbegin_dynamic.o] ==> ignore
    arg [-L/home/sshchesnyak/Android/Sdk/ndk/23.0.7123448/toolchains/llvm/prebuilt/linux-x86_64/lib64/clang/11.0.5/lib/linux/x86_64] ==> dir [/home/sshchesnyak/Android/Sdk/ndk/23.0.7123448/toolchains/llvm/prebuilt/linux-x86_64/lib64/clang/11.0.5/lib/linux/x86_64]
    arg [-L/home/sshchesnyak/Android/Sdk/ndk/23.0.7123448/toolchains/llvm/prebuilt/linux-x86_64/lib/gcc/x86_64-linux-android/4.9.x] ==> dir [/home/sshchesnyak/Android/Sdk/ndk/23.0.7123448/toolchains/llvm/prebuilt/linux-x86_64/lib/gcc/x86_64-linux-android/4.9.x]
    arg [-L/home/sshchesnyak/Android/Sdk/ndk/23.0.7123448/toolchains/llvm/prebuilt/linux-x86_64/sysroot/usr/lib/x86_64-linux-android/21] ==> dir [/home/sshchesnyak/Android/Sdk/ndk/23.0.7123448/toolchains/llvm/prebuilt/linux-x86_64/sysroot/usr/lib/x86_64-linux-android/21]
    arg [-L/home/sshchesnyak/Android/Sdk/ndk/23.0.7123448/toolchains/llvm/prebuilt/linux-x86_64/sysroot/usr/lib/x86_64-linux-android] ==> dir [/home/sshchesnyak/Android/Sdk/ndk/23.0.7123448/toolchains/llvm/prebuilt/linux-x86_64/sysroot/usr/lib/x86_64-linux-android]
    arg [-L/home/sshchesnyak/Android/Sdk/ndk/23.0.7123448/toolchains/llvm/prebuilt/linux-x86_64/sysroot/usr/lib] ==> dir [/home/sshchesnyak/Android/Sdk/ndk/23.0.7123448/toolchains/llvm/prebuilt/linux-x86_64/sysroot/usr/lib]
    arg [--exclude-libs] ==> ignore
    arg [libgcc.a] ==> ignore
    arg [--exclude-libs] ==> ignore
    arg [libgcc_real.a] ==> ignore
    arg [--exclude-libs] ==> ignore
    arg [libatomic.a] ==> ignore
    arg [--build-id=sha1] ==> ignore
    arg [--no-rosegment] ==> ignore
    arg [--fatal-warnings] ==> ignore
    arg [--no-undefined] ==> ignore
    arg [--gc-sections] ==> ignore
    arg [CMakeFiles/cmTC_48162.dir/CMakeCCompilerABI.c.o] ==> ignore
    arg [-lgcc] ==> lib [gcc]
    arg [-ldl] ==> lib [dl]
    arg [-lc] ==> lib [c]
    arg [-lgcc] ==> lib [gcc]
    arg [-ldl] ==> lib [dl]
    arg [/home/sshchesnyak/Android/Sdk/ndk/23.0.7123448/toolchains/llvm/prebuilt/linux-x86_64/sysroot/usr/lib/x86_64-linux-android/21/crtend_android.o] ==> ignore
  collapse library dir [/home/sshchesnyak/Android/Sdk/ndk/23.0.7123448/toolchains/llvm/prebuilt/linux-x86_64/lib64/clang/11.0.5/lib/linux/x86_64] ==> [/home/sshchesnyak/Android/Sdk/ndk/23.0.7123448/toolchains/llvm/prebuilt/linux-x86_64/lib64/clang/11.0.5/lib/linux/x86_64]
  collapse library dir [/home/sshchesnyak/Android/Sdk/ndk/23.0.7123448/toolchains/llvm/prebuilt/linux-x86_64/lib/gcc/x86_64-linux-android/4.9.x] ==> [/home/sshchesnyak/Android/Sdk/ndk/23.0.7123448/toolchains/llvm/prebuilt/linux-x86_64/lib/gcc/x86_64-linux-android/4.9.x]
  collapse library dir [/home/sshchesnyak/Android/Sdk/ndk/23.0.7123448/toolchains/llvm/prebuilt/linux-x86_64/sysroot/usr/lib/x86_64-linux-android/21] ==> [/home/sshchesnyak/Android/Sdk/ndk/23.0.7123448/toolchains/llvm/prebuilt/linux-x86_64/sysroot/usr/lib/x86_64-linux-android/21]
  collapse library dir [/home/sshchesnyak/Android/Sdk/ndk/23.0.7123448/toolchains/llvm/prebuilt/linux-x86_64/sysroot/usr/lib/x86_64-linux-android] ==> [/home/sshchesnyak/Android/Sdk/ndk/23.0.7123448/toolchains/llvm/prebuilt/linux-x86_64/sysroot/usr/lib/x86_64-linux-android]
  collapse library dir [/home/sshchesnyak/Android/Sdk/ndk/23.0.7123448/toolchains/llvm/prebuilt/linux-x86_64/sysroot/usr/lib] ==> [/home/sshchesnyak/Android/Sdk/ndk/23.0.7123448/toolchains/llvm/prebuilt/linux-x86_64/sysroot/usr/lib]
  implicit libs: [gcc;dl;c;gcc;dl]
  implicit dirs: [/home/sshchesnyak/Android/Sdk/ndk/23.0.7123448/toolchains/llvm/prebuilt/linux-x86_64/lib64/clang/11.0.5/lib/linux/x86_64;/home/sshchesnyak/Android/Sdk/ndk/23.0.7123448/toolchains/llvm/prebuilt/linux-x86_64/lib/gcc/x86_64-linux-android/4.9.x;/home/sshchesnyak/Android/Sdk/ndk/23.0.7123448/toolchains/llvm/prebuilt/linux-x86_64/sysroot/usr/lib/x86_64-linux-android/21;/home/sshchesnyak/Android/Sdk/ndk/23.0.7123448/toolchains/llvm/prebuilt/linux-x86_64/sysroot/usr/lib/x86_64-linux-android;/home/sshchesnyak/Android/Sdk/ndk/23.0.7123448/toolchains/llvm/prebuilt/linux-x86_64/sysroot/usr/lib]
  implicit fwks: []


Determining if the include file pthread.h exists passed with the following output:
Change Dir: /home/sshchesnyak/Documents/Android-projects/libs/mbedtls/build-64/x86_64/CMakeFiles/CMakeTmp

Run Build Command(s):/usr/bin/make cmTC_bf24f/fast && /usr/bin/make  -f CMakeFiles/cmTC_bf24f.dir/build.make CMakeFiles/cmTC_bf24f.dir/build
make[1]: Entering directory '/home/sshchesnyak/Documents/Android-projects/libs/mbedtls/build-64/x86_64/CMakeFiles/CMakeTmp'
Building C object CMakeFiles/cmTC_bf24f.dir/CheckIncludeFile.c.o
/home/sshchesnyak/Android/Sdk/ndk/23.0.7123448/toolchains/llvm/prebuilt/linux-x86_64/bin/clang --target=x86_64-none-linux-android21 --gcc-toolchain=/home/sshchesnyak/Android/Sdk/ndk/23.0.7123448/toolchains/llvm/prebuilt/linux-x86_64 --sysroot=/home/sshchesnyak/Android/Sdk/ndk/23.0.7123448/toolchains/llvm/prebuilt/linux-x86_64/sysroot   -g -DANDROID -fdata-sections -ffunction-sections -funwind-tables -fstack-protector-strong -no-canonical-prefixes -D_FORTIFY_SOURCE=2 -Wformat -Werror=format-security  -Wall -Wextra -Wwrite-strings -Wpointer-arith -Wimplicit-fallthrough -Wshadow -Wvla -Werror  -fPIE -o CMakeFiles/cmTC_bf24f.dir/CheckIncludeFile.c.o -c /home/sshchesnyak/Documents/Android-projects/libs/mbedtls/build-64/x86_64/CMakeFiles/CMakeTmp/CheckIncludeFile.c
Linking C executable cmTC_bf24f
/home/sshchesnyak/Android/Sdk/cmake/3.18.1/bin/cmake -E cmake_link_script CMakeFiles/cmTC_bf24f.dir/link.txt --verbose=1
/home/sshchesnyak/Android/Sdk/ndk/23.0.7123448/toolchains/llvm/prebuilt/linux-x86_64/bin/clang --target=x86_64-none-linux-android21 --gcc-toolchain=/home/sshchesnyak/Android/Sdk/ndk/23.0.7123448/toolchains/llvm/prebuilt/linux-x86_64 --sysroot=/home/sshchesnyak/Android/Sdk/ndk/23.0.7123448/toolchains/llvm/prebuilt/linux-x86_64/sysroot -g -DANDROID -fdata-sections -ffunction-sections -funwind-tables -fstack-protector-strong -no-canonical-prefixes -D_FORTIFY_SOURCE=2 -Wformat -Werror=format-security  -Wall -Wextra -Wwrite-strings -Wpointer-arith -Wimplicit-fallthrough -Wshadow -Wvla -Werror  -Wl,--exclude-libs,libgcc.a -Wl,--exclude-libs,libgcc_real.a -Wl,--exclude-libs,libatomic.a -static-libstdc++ -Wl,--build-id=sha1 -Wl,--no-rosegment -Wl,--fatal-warnings -Wl,--no-undefined -Qunused-arguments -Wl,--gc-sections   CMakeFiles/cmTC_bf24f.dir/CheckIncludeFile.c.o -o cmTC_bf24f  -latomic -lm 
make[1]: Leaving directory '/home/sshchesnyak/Documents/Android-projects/libs/mbedtls/build-64/x86_64/CMakeFiles/CMakeTmp'



